
Pass 1

File: cmoda7rom.asm
asm V1.5  (c) 2013-2017 Finitron - FT832 cross assembler


Pass 2
 - Out of Phase Symbols: 0
File: cmoda7rom.asm
asm V1.5  (c) 2013-2017 Finitron - FT832 cross assembler


Pass 3
 - Out of Phase Symbols: 0
File: cmoda7rom.asm
asm V1.5  (c) 2013-2017 Finitron - FT832 cross assembler


Pass 4
 - Out of Phase Symbols: 0
File: cmoda7rom.asm
asm V1.5  (c) 2013-2017 Finitron - FT832 cross assembler


Pass 5
File: cmoda7rom.asm
asm V1.5  (c) 2013-2017 Finitron - FT832 cross assembler

Errors: 0
Warnings: 0
