Bird Computer Butterfly assembler   version 1.0.2   Wed Jun 21 12:36:17 2017     Page 1
noc_boot21.a

                                        ; ============================================================================
                                        ;        __
                                        ;   \\__/ o\    (C) 2017  Robert Finch, Waterloo
                                        ;    \  __ /    All rights reserved.
                                        ;     \/_//     robfinch<remove>@finitron.ca
                                        ;       ||
                                        ;  
                                        ;
                                        ; This source file is free software: you can redistribute it and/or modify 
                                        ; it under the terms of the GNU Lesser General Public License as published 
                                        ; by the Free Software Foundation, either version 3 of the License, or     
                                        ; (at your option) any later version.                                      
                                        ;                                                                          
                                        ; This source file is distributed in the hope that it will be useful,      
                                        ; but WITHOUT ANY WARRANTY; without even the implied warranty of           
                                        ; MERCHANTABILITY or FITNESS FOR A PARTICULAR PURPOSE.  See the            
                                        ; GNU General Public License for more details.                             
                                        ;                                                                          
                                        ; You should have received a copy of the GNU General Public License        
                                        ; along with this program.  If not, see <http://www.gnu.org/licenses/>.    
                                        ;                                    
                                        ;                                      
                                        ; This boot rom for the input node $21.
                                        ; ============================================================================
                                        ;
     26 = 0D                            CR	= 13
     27 = 0A                            LF	= 10
     28 = 09                            CTRLH	equ		9
                                        
     30 = 12                            SC_LSHIFT	EQU		$12
     31 = 59                            SC_RSHIFT	EQU		$59
     32 = 00F0                          SC_KEYUP	EQU		$F0
     33 = 00E0                          SC_EXTEND	EQU		$E0
     34 = 14                            SC_CTRL		EQU		$14
     35 = 11                            SC_ALT		EQU		$11
     36 = 71                            SC_DEL		EQU		$71		; extend
     37 = 58                            SC_LCTRL	EQU		$58
     38 = 77                            SC_NUMLOCK	EQU		$77
     39 = 7E                            SC_SCROLLLOCK	EQU	$7E
     40 = 58                            SC_CAPSLOCK	EQU		$58
                                        
     42 = 01                            MT_RST		equ		1
     43 = 02                            MT_RST_ACK	equ		2
     44 = 03                            MT_STOP		equ		3
     45 = 04                            MT_KEYSTROKE			equ	4
     46 = 05                            MT_SET_INPUT_FOCUS		equ	5
     47 = 06                            MT_BUTTON_STATUS		equ	6
     48 = 07                            MT_REQ_INP_FOCUS		equ	7
     49 = 08                            MT_GRNT_INP_FOCUS		equ 8
     50 = 09                            MT_PING					equ	9
     51 = 0A                            MT_START_BASIC_LOAD		equ	10
     52 = 0B                            MT_LOAD_BASIC_CHAR		equ	11
     53 = 0C                            MT_RUN_BASIC_PROG		equ	12
     54 = 0D                            MT_BASIC_EXIT			equ	13
     55 = 0F                            MT_REQ_OUT_FOCUS		equ	15
     56 = 10                            MT_GRNT_OUT_FOCUS		equ	16
     57 = 11                            MT_OUT_CHAR				equ	17
     58 = 12                            MT_PING_ACK				equ	18
     59 = 13                            MT_ETH_PACKET			equ	19
Bird Computer Butterfly assembler   version 1.0.2   Wed Jun 21 12:36:17 2017     Page 2
noc_boot21.a
     60 = 14                            MT_GET_DATETIME			equ	20
     61 = 15                            MT_SET_DATETIME			equ	21
     62 = 16                            MT_DATETIME_ACK			equ	22
                                        			bss
                                        			org		15
     66 0000000F                        HTInputFocus	db	0
     67 00000010                        KeyState1		db	0
     68 00000011                        KeyState2		db	0
     69 00000012                         			align	16
     70 00000020                        txBuf	fill.b	16,0
     71 00000030                        rxBuf	fill.b	16,0
                                        
     72 = 000000000000B000                              ROUTER		equ	$B000
     73 = 10                            RTR_RXSTAT	equ	$10
     74 = 12                            RTR_TXSTAT	equ	$12
     75 = 00                            ROUTER_TRB	equ	0
                                        
     77 = 000000000000B200                              BTNS		equ	$B200
     78 = 000000000000B210                              KBD			equ	$B210
     79 = 01                            KBD_STAT	equ	1
     80 = 000000000000B220                              SWITCHES	equ	$B220
                                        
     82 = 0F                            MSG_DST		equ	15
     83 = 0E                            MSG_SRC		equ	14
     84 = 09                            MSG_TTL		equ	9
     85 = 08                            MSG_TYPE	equ	8
     86 = 07                            MSG_GSD		equ	7
                                        
                                        		.code
                                        		cpu		Butterfly16
                                        		org		0xE000
                                        ; ============================================================================
                                        ;        __
                                        ;   \\__/ o\    (C) 2017  Robert Finch, Waterloo
                                        ;    \  __ /    All rights reserved.
                                        ;     \/_//     robfinch<remove>@finitron.ca
                                        ;       ||
                                        ;  
                                        ;
                                        ; This source file is free software: you can redistribute it and/or modify 
                                        ; it under the terms of the GNU Lesser General Public License as published 
                                        ; by the Free Software Foundation, either version 3 of the License, or     
                                        ; (at your option) any later version.                                      
                                        ;                                                                          
                                        ; This source file is distributed in the hope that it will be useful,      
                                        ; but WITHOUT ANY WARRANTY; without even the implied warranty of           
                                        ; MERCHANTABILITY or FITNESS FOR A PARTICULAR PURPOSE.  See the            
                                        ; GNU General Public License for more details.                             
                                        ;                                                                          
                                        ; You should have received a copy of the GNU General Public License        
                                        ; along with this program.  If not, see <http://www.gnu.org/licenses/>.    
                                        ;                                    
                                        ;                                      
                                        ; Networking software components
                                        ; ============================================================================
                                        ;
                                        
                                        ;----------------------------------------------------------------------------
                                        ; Zero out the transmit buffer.
                                        ; Used before building transmit buffer.
Bird Computer Butterfly assembler   version 1.0.2   Wed Jun 21 12:36:17 2017     Page 3
noc_boot21.a
                                        ; Automatically inserts a time-to-live of 63, and the source id.
                                        ;
                                        ; Parameters:
                                        ;	<none>
                                        ; Returns:
                                        ;	<none>
                                        ; Registers Affected:
                                        ;	<none>
                                        ;----------------------------------------------------------------------------
                                        
    131 0000E000                        zeroTxBuf:
    132 0000E000 FE 6E                   		add		sp,sp,#-2
    133 0000E002 E0 D2                   		sw		r2,[sp]
    134 0000E004 00 40 0F 12             		lw		r2,#15
    135 0000E008                        zeroTxBuf1:
    136 0000E008 02 40 20 C0             		sb		r0,txBuf[r2]
    137 0000E00C FF 62                   		sub		r2,r2,#1
    138 0000E00E FC BB                   		bpl		zeroTxBuf1
    139 0000E010 03 40 0F 12             		lw		r2,#63
    140 0000E014 02 40 09 C2             		sb		r2,txBuf+MSG_TTL
    141 0000E018 E4 32                   		tsr		r2,ID
    142 0000E01A A1 32                   		shr		r2,#1
    143 0000E01C A1 32                   		shr		r2,#1
    144 0000E01E A1 32                   		shr		r2,#1
    145 0000E020 A1 32                   		shr		r2,#1
    146 0000E022 02 40 0E C2             		sb		r2,txBuf+MSG_SRC	; X+Y
    147 0000E026 E4 32                   		tsr		r2,ID
    148 0000E028 00 40 5F 32             		and		r2,#$F
    149 0000E02C 04 4E 0C C2             		sb		r2,txBuf+MSG_GDS	; and Z
    150 0000E030 E0 F2                   		lw		r2,[sp]
    151 0000E032 02 6E                   		add		sp,sp,#2
    152 0000E034 F0 80                   		ret
                                        
                                        ;----------------------------------------------------------------------------
                                        ; Set the destination address field in the transmit buffer based on the
                                        ; source address in the receive buffer.
                                        ;----------------------------------------------------------------------------
                                        
    159 0000E036                        SetDestFromRx:
    160 0000E036 03 40 0E E1             		lb		r1,rxBuf+MSG_SRC
    161 0000E03A 02 40 0F C1             		sb		r1,txBuf+MSG_DST
    162 0000E03E 06 4E 0E E1             		lb		r1,rxBuf+MSG_GDS
    163 0000E042 06 4E 02 E2             		lb		r2,txBuf+MSG_GDS
    164 0000E046 81 31                   		shl		r1,#1
    165 0000E048 81 31                   		shl		r1,#1
    166 0000E04A 81 31                   		shl		r1,#1
    167 0000E04C 81 31                   		shl		r1,#1
    168 0000E04E 26 21                   		or		r1,r2
    169 0000E050 07 4E 00 C1             		sb		r1,txBuf+MSG_GDS
    170 0000E054 F0 80                   		ret
                                        
                                        ;----------------------------------------------------------------------------
                                        ; Transmit on the network.
                                        ; Blocks until the transmit buffer is open.
                                        ;
                                        ; Prerequisites:
                                        ;	The transmit buffer txBuf must have already been loaded.
                                        ; Parameters:
                                        ;	<none>
                                        ; Returns:
Bird Computer Butterfly assembler   version 1.0.2   Wed Jun 21 12:36:17 2017     Page 4
noc_boot21.a
                                        ;	<none>
                                        ; Registers Affected:
                                        ;	<none>
                                        ;----------------------------------------------------------------------------
                                        
    186 0000E056 FC 6E                  Xmit:	
    187 0000E058 E0 D1                   		sw		r1,[sp]
    188 0000E05A E2 D2                   		sw		r2,2[sp]
                                        		; wait for transmit buffer to empty
    190 0000E05C                        Xmit2:
    191 0000E05C 01 4B 02 E1             		lb		r1,ROUTER+RTR_TXSTAT
    192 0000E060 FD B9                   		bne		Xmit2
    193 0000E062 00 40 0F 12             		lw		r2,#15
    194 0000E066                        Xmit1:
    195 0000E066 02 40 20 E1             		lb		r1,txBuf[r2]
    196 0000E06A 00 4B 20 C1             		sb		r1,ROUTER[r2]
    197 0000E06E FF 62                   		add		r2,r2,#-1
    198 0000E070 FA BB                   		bpl		Xmit1
                                        		; trigger a transmit
    200 0000E072 01 11                   		lw		r1,#1
    201 0000E074 01 4B 02 C2             		sb		r2,ROUTER+RTR_TXSTAT
    202 0000E078 E2 F2                   		lw		r2,2[sp]
    203 0000E07A E0 F1                   		lw		r1,[sp]
    204 0000E07C 04 6E                   		add		sp,sp,#4
    205 0000E07E F0 80                   		ret
                                        
                                        ;----------------------------------------------------------------------------
                                        ; Receive from network.
                                        ; Receive status must have already indicated a message present.
                                        ; Copies recieve buffer from router to rxBuf.
                                        ; The router fifo is configured with first word fall-through. This means
                                        ; the data word appears on the fifo output before the fifo is popped.
                                        ; A fifo pop signal has to be sent after reading the data.
                                        ;
                                        ; Parameters:
                                        ;	<none>
                                        ; Returns:
                                        ;	<none>
                                        ; Registers Affected:
                                        ;	<none>
                                        ;----------------------------------------------------------------------------
                                        
    223 0000E080                        Recv:
    224 0000E080 FC 6E                   		add		sp,sp,#-4
    225 0000E082 E0 D1                   		sw		r1,[sp]
    226 0000E084 E2 D2                   		sw		r2,2[sp]
    227 0000E086 00 40 0F 12             		lw		r2,#15
    228 0000E08A                        Recv1:
    229 0000E08A 00 4B 20 E1             		lb		r1,ROUTER[r2]			; copy message to local buffer
    230 0000E08E 03 40 20 C1             		sb		r1,rxBuf[r2]
    231 0000E092 FF 62                   		add		r2,r2,#-1
    232 0000E094 FA BB                   		bpl		Recv1
    233 0000E096 01 4B 00 E1             		lb		r1,ROUTER+RTR_RXSTAT
    234 0000E09A 04 40 60 31             		or		r1,#$40
    235 0000E09E 01 4B 00 C1             		sb		r1,ROUTER+RTR_RXSTAT	; pop the rx fifo
    236 0000E0A2 E0 F1                   		lw		r1,[sp]
    237 0000E0A4 E2 F2                   		lw		r2,2[sp]
    238 0000E0A6 04 6E                   		add		sp,sp,#4
    239 0000E0A8 F0 80                   		ret
                                        
Bird Computer Butterfly assembler   version 1.0.2   Wed Jun 21 12:36:17 2017     Page 5
noc_boot21.a
                                        ;#include "tb.asm"
                                        
                                        		.code
    244 0000E0AA                        start:
    245 0000E0AA FF 41 0E 1E             		lw		sp,#$1FFE
    246 0000E0AE 82 AF                   		call	KeybdReset
    247 0000E0B0 00 40 0F C0             		sb		r0,HTInputFocus
    248 0000E0B4 11 40 01 11             		lw		r1,#$111
    249 0000E0B8 00 40 0F C1             		sb		r1,HTInputFocus
    250 0000E0BC                        start1:
    251 0000E0BC                        noMsg1:
    252 0000E0BC 84 AF                   		call	KeybdGetChar
    253 0000E0BE 2E A9                   		bne		noKey
    254 0000E0C0 F9 4F 1D 10             		cmp		r1,#'c'
    255 0000E0C4 0E A9                   		bne		notC
    256 0000E0C6 01 40 01 E1             		lb		r1,KeyState2	; test if CTRL down
    257 0000E0CA 54 31                   		and		r1,#4
    258 0000E0CC 0A A8                   		beq		notC
                                        		; CTRL-C
                                        		; If CTRL-C was pressed broadcast a global stop message
    261 0000E0CE 98 BF                   		call	zeroTxBuf
    262 0000E0D0 0F 40 0F 11             		lw		r1,#$FF
    263 0000E0D4 02 40 0F C1             		sb		r1,txBuf+MSG_DST
    264 0000E0D8 03 11                   		lw		r1,#MT_STOP
    265 0000E0DA 02 40 08 C1             		sb		r1,txBuf+MSG_TYPE
    266 0000E0DE BB BF                   		call	Xmit
    267 0000E0E0 1D AE                   		bra		noKey
                                        		; There was a keystroke available so transmit a character
                                        		; message to the thread with the input focus
    270 0000E0E2                        notC:
    271 0000E0E2 00 40 0F E5             		lb		r5,HTInputFocus		; any thread with input focus ?
    272 0000E0E6 1A A8                   		beq		noKey
    273 0000E0E8 8B BF                   		call	zeroTxBuf
    274 0000E0EA 50 12                   		mov		r2,r5
    275 0000E0EC A1 32                   		shr		r2,#1
    276 0000E0EE A1 32                   		shr		r2,#1
    277 0000E0F0 A1 32                   		shr		r2,#1
    278 0000E0F2 A1 32                   		shr		r2,#1
    279 0000E0F4 02 40 0F C2             		sb		r2,txBuf+MSG_DST	; destination is input focus thread
    280 0000E0F8 01 40 01 12             		lw		r2,#$11				; grid numbers are hard coded for now
    281 0000E0FC 11 4E 0C C2             		sb		r2,txBuf+MSG_GDS
    282 0000E100 02 40 00 C1             		sb		r1,txBuf			; store ascii char
    283 0000E104 02 40 02 C1             		sb		r1,txBuf+2
    284 0000E108 02 40 04 C1             		sb		r1,txBuf+4
    285 0000E10C 02 40 06 C1             		sb		r1,txBuf+6
    286 0000E110 02 40 01 C3             		sb		r3,txBuf+1			; and scan code
    287 0000E114 04 11                   		lw		r1,#MT_KEYSTROKE	; keyboard message
    288 0000E116 02 40 08 C1             		sb		r1,txBuf+MSG_TYPE
    289 0000E11A 9D BF                   		call	Xmit
    290 0000E11C                        noKey:
    291 0000E11C 01 4B 00 E1             		lb		r1,ROUTER+RTR_RXSTAT
    292 0000E120 03 40 5F 31             		and		r1,#63
    293 0000E124 CB B8                   		beq		noMsg1
    294 0000E126 AC BF                   		call	Recv
    295 0000E128 01 AF                   		call	RecvDispatch
    296 0000E12A C8 BE                   		bra		start1
                                        
                                        
                                        ;----------------------------------------------------------------------------
                                        ; Received message dispatch.
Bird Computer Butterfly assembler   version 1.0.2   Wed Jun 21 12:36:17 2017     Page 6
noc_boot21.a
                                        ;----------------------------------------------------------------------------
                                        
    303 0000E12C                        RecvDispatch:
    304 0000E12C FE 6E                   		add		sp,sp,#-2
    305 0000E12E E0 DF                   		sw		lr,[sp]
    306 0000E130 03 40 08 E1             		lb		r1,rxBuf+MSG_TYPE
                                        		; Reset request ?
    308 0000E134 1F 10                   		cmp		r1,#MT_RST
    309 0000E136 11 A9                   		bne		RecvDispatch2
    310 0000E138 00 40 0F C0             		sb		r0,HTInputFocus
    311 0000E13C 01 40 01 11             		lw		r1,#$11
    312 0000E140 00 40 0F C1             		sb		r1,HTInputFocus		; for now
    313 0000E144 37 AF                   		call	KeybdReset
    314 0000E146 5C BF                   		call	zeroTxBuf
    315 0000E148 01 40 01 11             		lw		r1,#$11
    316 0000E14C 02 40 0F C1             		sb		r1,txBuf+MSG_DST
    317 0000E150 02 11                   		lw		r1,#MT_RST_ACK
    318 0000E152 02 40 08 C1             		sb		r1,txBuf+MSG_TYPE
    319 0000E156 7F BF                   		call	Xmit
    320 0000E158 2A AE                   		bra		RecvDispatchXit
    321 0000E15A                        RecvDispatch2:
    322 0000E15A FF 4F 17 10             		cmp		r1,#MT_PING
    323 0000E15E 0B A9                   		bne		RecvDispatch5
    324 0000E160 4F BF                   		call	zeroTxBuf
    325 0000E162 03 40 0E E1             		lb		r1,rxBuf+MSG_SRC
    326 0000E166 02 40 0F C1             		sb		r1,txBuf+MSG_DST
    327 0000E16A 01 40 02 11             		lw		r1,#MT_PING_ACK
    328 0000E16E 02 40 08 C1             		sb		r1,txBuf+MSG_TYPE
    329 0000E172 71 BF                   		call	Xmit
    330 0000E174 1C AE                   		br		RecvDispatchXit
    331 0000E176                        RecvDispatch5:
                                        		; Set input focus ?
                                        		; Check for request to set input focus
    334 0000E176 FF 4F 1B 10             		cmp		r1,#MT_SET_INPUT_FOCUS
    335 0000E17A 03 A9                   		bne		RecvDispatch3
    336 0000E17C 03 40 00 E1             		lb		r1,rxBuf
                                        		sb		HTInputFocus
    338 0000E180 16 AE                   		bra		RecvDispatchXit
    339 0000E182                        RecvDispatch3:
                                        		; Get button status ?
    341 0000E182 FF 4F 1A 10             		cmp		r1,#MT_BUTTON_STATUS
    342 0000E186 12 A9                   		bne		RecvDispatch4
    343 0000E188 3B BF                   		call	zeroTxBuf
    344 0000E18A 03 40 0E E1             		lb		r1,rxBuf+MSG_SRC		; where did message come from
    345 0000E18E 02 40 0F C1             		sb		r1,txBuf+MSG_DST		; send back to sender
    346 0000E192 06 11                   		lw		r1,#MT_BUTTON_STATUS
    347 0000E194 02 40 08 C1             		sb		r1,txBuf+MSG_TYPE
    348 0000E198 20 4B 00 E1             		lb		r1,BTNS
    349 0000E19C 02 40 00 C1             		sb		r1,txBuf
    350 0000E1A0 22 4B 00 E1             		lb		r1,SWITCHES
    351 0000E1A4 02 40 01 C1             		sb		r1,txBuf+1
    352 0000E1A8 56 BF                   		call	Xmit
    353 0000E1AA 01 AE                   		bra		RecvDispatchXit
    354 0000E1AC                        RecvDispatch4:
    355 0000E1AC 00 AE                   		bra		RecvDispatchXit
    356 0000E1AE                        RecvDispatchXit:
    357 0000E1AE E0 FF                   		lw		lr,[sp]
    358 0000E1B0 02 6E                   		add		sp,sp,#2
    359 0000E1B2 F0 80                   		ret
                                        
Bird Computer Butterfly assembler   version 1.0.2   Wed Jun 21 12:36:17 2017     Page 7
noc_boot21.a
                                        ;============================================================================
                                        ; Keyboard Code
                                        ;============================================================================
                                        
                                        ;----------------------------------------------------------------------------
                                        ; Reset the keyboard.
                                        ;----------------------------------------------------------------------------
                                        
    369 0000E1B4                        KeybdReset:
    370 0000E1B4 0F 40 0F 11             		lw		r1,#$FF
    371 0000E1B8 21 4B 00 C1             		sb		r1,KBD
    372 0000E1BC 01 40 00 C0             		sb		r0,KeyState1
    373 0000E1C0 01 40 01 C0             		sb		r0,KeyState2
    374 0000E1C4 F0 80                   		ret
                                        
                                        ;----------------------------------------------------------------------------
                                        ; KeybdGetChar:
                                        ;
                                        ; Returns:
                                        ; r1 = ascii code
                                        ; r2 = 0 if key available, 1 if no key available, 2 if keyboard busy
                                        ; r3 = scan code
                                        ; .ZF = 1 if a key is available, otherwise .ZF = 0
                                        ;----------------------------------------------------------------------------
                                        
    386 0000E1C6                        KeybdGetChar:
    387 0000E1C6 FC 6E                   		add		sp,sp,#-4
    388 0000E1C8 E2 D4                   		sw		r4,2[sp]
    389 0000E1CA E0 DF                   		sw		lr,[sp]
    390 0000E1CC                        kbd3:
    391 0000E1CC 21 4B 01 E1             		lb		r1,KBD+KBD_STAT	; get keyboard status flag
    392 0000E1D0 10 12                   		mov		r2,r1
    393 0000E1D2 04 40 50 31             		and		r1,#$40
    394 0000E1D6 09 A9                   		bne		kbd1		; is it busy ?
    395 0000E1D8 20 11                   		mov		r1,r2
    396 0000E1DA 08 40 50 31             		and		r1,#$80
    397 0000E1DE 0A A9                   		bne		kbd6		; branch if key available
    398 0000E1E0 E0 FF                   		lw		lr,[sp]
    399 0000E1E2 E2 F4                   		lw		r4,2[sp]
    400 0000E1E4 04 6E                   		add		sp,sp,#4
    401 0000E1E6 01 12                   		lw		r2,#1		; no key available
    402 0000E1E8 F0 80                   		ret
    403 0000E1EA                        kbd1:
    404 0000E1EA E0 FF                   		lw		lr,[sp]
    405 0000E1EC E2 F4                   		lw		r4,2[sp]
    406 0000E1EE 04 6E                   		add		sp,sp,#4
    407 0000E1F0 02 12                   		lw		r2,#2		; keyboard busy
    408 0000E1F2 F0 80                   		ret
    409 0000E1F4                        kbd6:
    410 0000E1F4 21 4B 00 E1             		lb		r1,KBD		; get scancode
    411 0000E1F8 10 13                   		mov		r3,r1		; save in r3
    412 0000E1FA 21 4B 02 C0             		sb		r0,KBD+2	; clear read flag
    413 0000E1FE F1 4F 10 10             		cmp		r1,#SC_KEYUP
    414 0000E202 01 A9                   		bne		notKeyup
    415 0000E204 56 AE                   		jmp		doKeyup
    416 0000E206                        notKeyup:
    417 0000E206 F2 4F 10 10             		cmp		r1,#SC_EXTEND
    418 0000E20A 01 A9                   		bne		notExtend
    419 0000E20C 58 AE                   		jmp		doExtend
    420 0000E20E                        notExtend:
Bird Computer Butterfly assembler   version 1.0.2   Wed Jun 21 12:36:17 2017     Page 8
noc_boot21.a
    421 0000E20E FE 4F 1C 10             		cmp		r1,#$14		; control ?
    422 0000E212 01 A9                   		bne		notCtrl
    423 0000E214 5B AE                   		jmp		doCtrl
    424 0000E216                        notCtrl:
    425 0000E216 FE 4F 1E 10             		cmp		r1,#$12
    426 0000E21A 01 A9                   		bne		notShift
    427 0000E21C 68 AE                   		jmp		doShift
    428 0000E21E                        notShift:
    429 0000E21E FA 4F 17 10             		cmp		r1,#$59
    430 0000E222 01 A9                   		bne		notShift2
    431 0000E224 64 AE                   		jmp		doShift
    432 0000E226                        notShift2:
    433 0000E226 F8 4F 19 10             		cmp		r1,#SC_NUMLOCK
    434 0000E22A 01 A9                   		bne		notNumLock
    435 0000E22C 71 AE                   		jmp		doNumLock
    436 0000E22E                        notNumLock:
    437 0000E22E FA 4F 18 10             		cmp		r1,#SC_CAPSLOCK
    438 0000E232 01 A9                   		bne		notCapsLock
    439 0000E234 75 AE                   		jmp		doCapsLock
    440 0000E236                        notCapsLock:
    441 0000E236 F8 4F 12 10             		cmp		r1,#SC_SCROLLLOCK
    442 0000E23A 01 A9                   		bne		notScrollLock
    443 0000E23C 79 AE                   		jmp		doScrollLock
    444 0000E23E                        notScrollLock:
    445 0000E23E 01 40 00 E2             		lb		r2,KeyState1
    446 0000E242 20 14                   		mov		r4,r2
    447 0000E244 A1 32                   		shr		r2,#1
    448 0000E246 01 40 00 C2             		sb		r2,KeyState1
    449 0000E24A 51 34                   		and		r4,#1
    450 0000E24C 01 A8                   		beq		kbd11
    451 0000E24E BE BE                   		jmp		kbd3
    452 0000E250                        kbd11:
    453 0000E250 10 12                   		mov		r2,r1
                                        		; Check for extended code
    455 0000E252 08 40 00 11             		lw		r1,#$80
    456 0000E256 01 40 01 E4             		lb		r4,KeyState2
    457 0000E25A 45 21                   		and		r1,r4
    458 0000E25C 11 A8                   		beq		kbd10
    459 0000E25E 07 40 0F 11             		lw		r1,#$7F
    460 0000E262 45 21                   		and		r1,r4
    461 0000E264 01 40 01 C1             		sb		r1,KeyState2
                                        		; clear keyup
    463 0000E268 01 40 00 E4             		lb		r4,KeyState1
    464 0000E26C A1 34                   		shr		r4,#1
    465 0000E26E 01 40 00 C4             		sb		r4,KeyState1
    466 0000E272 20 11                   		mov		r1,r2
    467 0000E274 07 40 5F 31             		and		r1,#$7F
    468 0000E278 10 12                   		mov		r2,r1
    469 0000E27A 5C 4E 22 E1             		lb		r1,keybdExtendedCodes[r2]
    470 0000E27E 14 AE                   		bra		kbd8
    471 0000E280                        kbd10:
    472 0000E280 01 40 01 E1             		lb		r1,KeyState2
    473 0000E284 54 31                   		and		r1,#4
    474 0000E286 07 A8                   		beq		kbd9
    475 0000E288 20 11                   		mov		r1,r2
    476 0000E28A 07 40 5F 31             		and		r1,#$7F
    477 0000E28E 10 12                   		mov		r2,r1
    478 0000E290 54 4E 22 E1             		lb		r1,keybdControlCodes[r2]
    479 0000E294 09 AE                   		bra		kbd8
    480 0000E296                        kbd9:
Bird Computer Butterfly assembler   version 1.0.2   Wed Jun 21 12:36:17 2017     Page 9
noc_boot21.a
    481 0000E296 01 40 01 E1             		lb		r1,KeyState2
    482 0000E29A 51 31                   		and		r1,#1			; Is shift down ?
    483 0000E29C 03 A8                   		beq		kbd7
    484 0000E29E 44 4E 22 E1             		lb		r1,shiftedScanCodes[r2]
    485 0000E2A2 02 AE                   		bra		kbd8
    486 0000E2A4                        kbd7:
    487 0000E2A4 34 4E 22 E1             		lb		r1,unshiftedScanCodes[r2]
    488 0000E2A8                        kbd8:
                                        		; return zero in r2 to indicate key available
    490 0000E2A8 E0 FF                   		lw		lr,[sp]
    491 0000E2AA E2 F4                   		lw		r4,2[sp]
    492 0000E2AC 04 6E                   		add		sp,sp,#4
    493 0000E2AE 00 12                   		lw		r2,#0
    494 0000E2B0 F0 80                   		ret
    495 0000E2B2                        doKeyup:
    496 0000E2B2 01 40 00 E1             		lb		r1,KeyState1
    497 0000E2B6 61 31                   		or		r1,#1
    498 0000E2B8 01 40 00 C1             		sb		r1,KeyState1
    499 0000E2BC 87 BE                   		jmp		kbd3
    500 0000E2BE                        doExtend:
    501 0000E2BE 01 40 01 E1             		lb		r1,KeyState2
    502 0000E2C2 08 40 60 31             		or		r1,#$80
    503 0000E2C6 01 40 01 C1             		sb		r1,KeyState2
    504 0000E2CA 80 BE                   		jmp		kbd3
    505 0000E2CC                        doCtrl:
    506 0000E2CC 01 40 00 E1             		lb		r1,KeyState1
    507 0000E2D0 C1 31                   		ror		r1,#1
    508 0000E2D2 07 AB                   		bpl		kbd4
    509 0000E2D4 01 40 01 E1             		lb		r1,KeyState2
    510 0000E2D8 FF 4F 5B 31             		and		r1,#$FFFB
    511 0000E2DC 01 40 01 C1             		sb		r1,KeyState2
    512 0000E2E0 75 BE                   		jmp		kbd3
    513 0000E2E2                        kbd4:
    514 0000E2E2 01 40 01 E1             		lb		r1,KeyState2
    515 0000E2E6 64 31                   		or		r1,#4
    516 0000E2E8 01 40 01 C1             		sb		r1,KeyState2
    517 0000E2EC 6F BE                   		jmp		kbd3		
    518 0000E2EE                        doShift:
    519 0000E2EE 01 40 00 E1             		lb		r1,KeyState1
    520 0000E2F2 C1 31                   		ror		r1,#1
    521 0000E2F4 07 AB                   		bpl		kbd5
    522 0000E2F6 01 40 01 E1             		lb		r1,KeyState2
    523 0000E2FA FF 4F 5E 31             		and		r1,#$FFFE
    524 0000E2FE 01 40 01 C1             		sb		r1,KeyState2
    525 0000E302 64 BE                   		jmp		kbd3
    526 0000E304                        kbd5:
    527 0000E304 01 40 01 E1             		lb		r1,KeyState2
    528 0000E308 61 31                   		or		r1,#1
    529 0000E30A 01 40 01 C1             		sb		r1,KeyState2
    530 0000E30E 5E BE                   		jmp		kbd3
    531 0000E310                        doNumLock:
    532 0000E310 01 40 01 E1             		lb		r1,KeyState2
    533 0000E314 01 40 40 31             		xor		r1,#16
    534 0000E318 01 40 01 C1             		sb		r1,KeyState2
    535 0000E31C 11 AF                   		call	KeybdSetLEDStatus
    536 0000E31E 56 BE                   		jmp		kbd3
    537 0000E320                        doCapsLock:
    538 0000E320 01 40 01 E1             		lb		r1,KeyState2
    539 0000E324 02 40 40 31             		xor		r1,#32
    540 0000E328 01 40 01 C1             		sb		r1,KeyState2
Bird Computer Butterfly assembler   version 1.0.2   Wed Jun 21 12:36:17 2017     Page 10
noc_boot21.a
    541 0000E32C 09 AF                   		call	KeybdSetLEDStatus
    542 0000E32E 4E BE                   		jmp		kbd3
    543 0000E330                        doScrollLock:
    544 0000E330 01 40 01 E1             		lb		r1,KeyState2
    545 0000E334 04 40 40 31             		xor		r1,#64
    546 0000E338 01 40 01 C1             		sb		r1,KeyState2
    547 0000E33C 01 AF                   		call	KeybdSetLEDStatus
    548 0000E33E 46 BE                   		jmp		kbd3
                                        
    550 0000E340                        KeybdSetLEDStatus:
    551 0000E340 F0 80                   		ret
                                        
                                        	;--------------------------------------------------------------------------
                                        	; PS2 scan codes to ascii conversion tables.
                                        	;--------------------------------------------------------------------------
                                        	;
    557 0000E342                        unshiftedScanCodes:
    558 0000E342 2E A9 2E A5 A3 A1 A2    	.byte	$2e,$a9,$2e,$a5,$a3,$a1,$a2,$ac
    558 0000E349 AC                    
    559 0000E34A 2E AA A8 A6 A4 09 60    	.byte	$2e,$aa,$a8,$a6,$a4,$09,$60,$2e
    559 0000E351 2E                    
    560 0000E352 2E 2E 2E 2E 2E 71 31    	.byte	$2e,$2e,$2e,$2e,$2e,$71,$31,$2e
    560 0000E359 2E                    
    561 0000E35A 2E 2E 7A 73 61 77 32    	.byte	$2e,$2e,$7a,$73,$61,$77,$32,$2e
    561 0000E361 2E                    
    562 0000E362 2E 63 78 64 65 34 33    	.byte	$2e,$63,$78,$64,$65,$34,$33,$2e
    562 0000E369 2E                    
    563 0000E36A 2E 20 76 66 74 72 35    	.byte	$2e,$20,$76,$66,$74,$72,$35,$2e
    563 0000E371 2E                    
    564 0000E372 2E 6E 62 68 67 79 36    	.byte	$2e,$6e,$62,$68,$67,$79,$36,$2e
    564 0000E379 2E                    
    565 0000E37A 2E 2E 6D 6A 75 37 38    	.byte	$2e,$2e,$6d,$6a,$75,$37,$38,$2e
    565 0000E381 2E                    
    566 0000E382 2E 2C 6B 69 6F 30 39    	.byte	$2e,$2c,$6b,$69,$6f,$30,$39,$2e
    566 0000E389 2E                    
    567 0000E38A 2E 2E 2F 6C 3B 70 2D    	.byte	$2e,$2e,$2f,$6c,$3b,$70,$2d,$2e
    567 0000E391 2E                    
    568 0000E392 2E 2E 27 2E 5B 3D 2E    	.byte	$2e,$2e,$27,$2e,$5b,$3d,$2e,$2e
    568 0000E399 2E                    
    569 0000E39A AD 2E 0D 5D 2E 5C 2E    	.byte	$ad,$2e,$0d,$5d,$2e,$5c,$2e,$2e
    569 0000E3A1 2E                    
    570 0000E3A2 2E 2E 2E 2E 2E 2E 08    	.byte	$2e,$2e,$2e,$2e,$2e,$2e,$08,$2e
    570 0000E3A9 2E                    
    571 0000E3AA 2E 95 2E 93 94 2E 2E    	.byte	$2e,$95,$2e,$93,$94,$2e,$2e,$2e
    571 0000E3B1 2E                    
    572 0000E3B2 98 7F 92 2E 91 90 1B    	.byte	$98,$7f,$92,$2e,$91,$90,$1b,$af
    572 0000E3B9 AF                    
    573 0000E3BA AB 2E 97 2E 2E 96 AE    	.byte	$ab,$2e,$97,$2e,$2e,$96,$ae,$2e
    573 0000E3C1 2E                    
                                        
    575 0000E3C2 2E 2E 2E A7 2E 2E 2E    	.byte	$2e,$2e,$2e,$a7,$2e,$2e,$2e,$2e
    575 0000E3C9 2E                    
    576 0000E3CA 2E 2E 2E 2E 2E 2E 2E    	.byte	$2e,$2e,$2e,$2e,$2e,$2e,$2e,$2e
    576 0000E3D1 2E                    
    577 0000E3D2 2E 2E 2E 2E 2E 2E 2E    	.byte	$2e,$2e,$2e,$2e,$2e,$2e,$2e,$2e
    577 0000E3D9 2E                    
    578 0000E3DA 2E 2E 2E 2E 2E 2E 2E    	.byte	$2e,$2e,$2e,$2e,$2e,$2e,$2e,$2e
    578 0000E3E1 2E                    
    579 0000E3E2 2E 2E 2E 2E 2E 2E 2E    	.byte	$2e,$2e,$2e,$2e,$2e,$2e,$2e,$2e
    579 0000E3E9 2E                    
Bird Computer Butterfly assembler   version 1.0.2   Wed Jun 21 12:36:17 2017     Page 11
noc_boot21.a
    580 0000E3EA 2E 2E 2E 2E 2E 2E 2E    	.byte	$2e,$2e,$2e,$2e,$2e,$2e,$2e,$2e
    580 0000E3F1 2E                    
    581 0000E3F2 2E 2E 2E 2E 2E 2E 2E    	.byte	$2e,$2e,$2e,$2e,$2e,$2e,$2e,$2e
    581 0000E3F9 2E                    
    582 0000E3FA 2E 2E 2E 2E 2E 2E 2E    	.byte	$2e,$2e,$2e,$2e,$2e,$2e,$2e,$2e
    582 0000E401 2E                    
    583 0000E402 2E 2E 2E 2E 2E 2E 2E    	.byte	$2e,$2e,$2e,$2e,$2e,$2e,$2e,$2e
    583 0000E409 2E                    
    584 0000E40A 2E 2E 2E 2E 2E 2E 2E    	.byte	$2e,$2e,$2e,$2e,$2e,$2e,$2e,$2e
    584 0000E411 2E                    
    585 0000E412 2E 2E 2E 2E 2E 2E 2E    	.byte	$2e,$2e,$2e,$2e,$2e,$2e,$2e,$2e
    585 0000E419 2E                    
    586 0000E41A 2E 2E 2E 2E 2E 2E 2E    	.byte	$2e,$2e,$2e,$2e,$2e,$2e,$2e,$2e
    586 0000E421 2E                    
    587 0000E422 2E 2E 2E 2E 2E 2E 2E    	.byte	$2e,$2e,$2e,$2e,$2e,$2e,$2e,$2e
    587 0000E429 2E                    
    588 0000E42A 2E 2E 2E 2E 2E 2E 2E    	.byte	$2e,$2e,$2e,$2e,$2e,$2e,$2e,$2e
    588 0000E431 2E                    
    589 0000E432 2E 2E 2E 2E 2E 2E 2E    	.byte	$2e,$2e,$2e,$2e,$2e,$2e,$2e,$2e
    589 0000E439 2E                    
    590 0000E43A 2E 2E FA 2E 2E 2E 2E    	.byte	$2e,$2e,$fa,$2e,$2e,$2e,$2e,$2e
    590 0000E441 2E                    
                                        
    592 0000E442                        shiftedScanCodes:
    593 0000E442 2E 2E 2E 2E 2E 2E 2E    	.byte	$2e,$2e,$2e,$2e,$2e,$2e,$2e,$2e
    593 0000E449 2E                    
    594 0000E44A 2E 2E 2E 2E 2E 09 7E    	.byte	$2e,$2e,$2e,$2e,$2e,$09,$7e,$2e
    594 0000E451 2E                    
    595 0000E452 2E 2E 2E 2E 2E 51 21    	.byte	$2e,$2e,$2e,$2e,$2e,$51,$21,$2e
    595 0000E459 2E                    
    596 0000E45A 2E 2E 5A 53 41 57 40    	.byte	$2e,$2e,$5a,$53,$41,$57,$40,$2e
    596 0000E461 2E                    
    597 0000E462 2E 43 58 44 45 24 23    	.byte	$2e,$43,$58,$44,$45,$24,$23,$2e
    597 0000E469 2E                    
    598 0000E46A 2E 20 56 46 54 52 25    	.byte	$2e,$20,$56,$46,$54,$52,$25,$2e
    598 0000E471 2E                    
    599 0000E472 2E 4E 42 48 47 59 5E    	.byte	$2e,$4e,$42,$48,$47,$59,$5e,$2e
    599 0000E479 2E                    
    600 0000E47A 2E 2E 4D 4A 55 26 2A    	.byte	$2e,$2e,$4d,$4a,$55,$26,$2a,$2e
    600 0000E481 2E                    
    601 0000E482 2E 3C 4B 49 4F 29 28    	.byte	$2e,$3c,$4b,$49,$4f,$29,$28,$2e
    601 0000E489 2E                    
    602 0000E48A 2E 3E 3F 4C 3A 50 5F    	.byte	$2e,$3e,$3f,$4c,$3a,$50,$5f,$2e
    602 0000E491 2E                    
    603 0000E492 2E 2E 22 2E 7B 2B 2E    	.byte	$2e,$2e,$22,$2e,$7b,$2b,$2e,$2e
    603 0000E499 2E                    
    604 0000E49A 2E 2E 0D 7D 2E 7C 2E    	.byte	$2e,$2e,$0d,$7d,$2e,$7c,$2e,$2e
    604 0000E4A1 2E                    
    605 0000E4A2 2E 2E 2E 2E 2E 2E 08    	.byte	$2e,$2e,$2e,$2e,$2e,$2e,$08,$2e
    605 0000E4A9 2E                    
    606 0000E4AA 2E 2E 2E 2E 2E 2E 2E    	.byte	$2e,$2e,$2e,$2e,$2e,$2e,$2e,$2e
    606 0000E4B1 2E                    
    607 0000E4B2 2E 7F 2E 2E 2E 2E 1B    	.byte	$2e,$7f,$2e,$2e,$2e,$2e,$1b,$2e
    607 0000E4B9 2E                    
    608 0000E4BA 2E 2E 2E 2E 2E 2E 2E    	.byte	$2e,$2e,$2e,$2e,$2e,$2e,$2e,$2e
    608 0000E4C1 2E                    
                                        
    610 0000E4C2 2E 2E 2E 2E 2E 2E 2E    	.byte	$2e,$2e,$2e,$2e,$2e,$2e,$2e,$2e
    610 0000E4C9 2E                    
    611 0000E4CA 2E 2E 2E 2E 2E 2E 2E    	.byte	$2e,$2e,$2e,$2e,$2e,$2e,$2e,$2e
Bird Computer Butterfly assembler   version 1.0.2   Wed Jun 21 12:36:17 2017     Page 12
noc_boot21.a
    611 0000E4D1 2E                    
    612 0000E4D2 2E 2E 2E 2E 2E 2E 2E    	.byte	$2e,$2e,$2e,$2e,$2e,$2e,$2e,$2e
    612 0000E4D9 2E                    
    613 0000E4DA 2E 2E 2E 2E 2E 2E 2E    	.byte	$2e,$2e,$2e,$2e,$2e,$2e,$2e,$2e
    613 0000E4E1 2E                    
    614 0000E4E2 2E 2E 2E 2E 2E 2E 2E    	.byte	$2e,$2e,$2e,$2e,$2e,$2e,$2e,$2e
    614 0000E4E9 2E                    
    615 0000E4EA 2E 2E 2E 2E 2E 2E 2E    	.byte	$2e,$2e,$2e,$2e,$2e,$2e,$2e,$2e
    615 0000E4F1 2E                    
    616 0000E4F2 2E 2E 2E 2E 2E 2E 2E    	.byte	$2e,$2e,$2e,$2e,$2e,$2e,$2e,$2e
    616 0000E4F9 2E                    
    617 0000E4FA 2E 2E 2E 2E 2E 2E 2E    	.byte	$2e,$2e,$2e,$2e,$2e,$2e,$2e,$2e
    617 0000E501 2E                    
    618 0000E502 2E 2E 2E 2E 2E 2E 2E    	.byte	$2e,$2e,$2e,$2e,$2e,$2e,$2e,$2e
    618 0000E509 2E                    
    619 0000E50A 2E 2E 2E 2E 2E 2E 2E    	.byte	$2e,$2e,$2e,$2e,$2e,$2e,$2e,$2e
    619 0000E511 2E                    
    620 0000E512 2E 2E 2E 2E 2E 2E 2E    	.byte	$2e,$2e,$2e,$2e,$2e,$2e,$2e,$2e
    620 0000E519 2E                    
    621 0000E51A 2E 2E 2E 2E 2E 2E 2E    	.byte	$2e,$2e,$2e,$2e,$2e,$2e,$2e,$2e
    621 0000E521 2E                    
    622 0000E522 2E 2E 2E 2E 2E 2E 2E    	.byte	$2e,$2e,$2e,$2e,$2e,$2e,$2e,$2e
    622 0000E529 2E                    
    623 0000E52A 2E 2E 2E 2E 2E 2E 2E    	.byte	$2e,$2e,$2e,$2e,$2e,$2e,$2e,$2e
    623 0000E531 2E                    
    624 0000E532 2E 2E 2E 2E 2E 2E 2E    	.byte	$2e,$2e,$2e,$2e,$2e,$2e,$2e,$2e
    624 0000E539 2E                    
    625 0000E53A 2E 2E 2E 2E 2E 2E 2E    	.byte	$2e,$2e,$2e,$2e,$2e,$2e,$2e,$2e
    625 0000E541 2E                    
                                        
                                        ; control
    628 0000E542                        keybdControlCodes:
    629 0000E542 2E 2E 2E 2E 2E 2E 2E    	.byte	$2e,$2e,$2e,$2e,$2e,$2e,$2e,$2e
    629 0000E549 2E                    
    630 0000E54A 2E 2E 2E 2E 2E 09 7E    	.byte	$2e,$2e,$2e,$2e,$2e,$09,$7e,$2e
    630 0000E551 2E                    
    631 0000E552 2E 2E 2E 2E 2E 11 21    	.byte	$2e,$2e,$2e,$2e,$2e,$11,$21,$2e
    631 0000E559 2E                    
    632 0000E55A 2E 2E 1A 13 01 17 40    	.byte	$2e,$2e,$1a,$13,$01,$17,$40,$2e
    632 0000E561 2E                    
    633 0000E562 2E 03 18 04 05 24 23    	.byte	$2e,$03,$18,$04,$05,$24,$23,$2e
    633 0000E569 2E                    
    634 0000E56A 2E 20 16 06 14 12 25    	.byte	$2e,$20,$16,$06,$14,$12,$25,$2e
    634 0000E571 2E                    
    635 0000E572 2E 0E 02 08 07 19 5E    	.byte	$2e,$0e,$02,$08,$07,$19,$5e,$2e
    635 0000E579 2E                    
    636 0000E57A 2E 2E 0D 0A 15 26 2A    	.byte	$2e,$2e,$0d,$0a,$15,$26,$2a,$2e
    636 0000E581 2E                    
    637 0000E582 2E 3C 0B 09 0F 29 28    	.byte	$2e,$3c,$0b,$09,$0f,$29,$28,$2e
    637 0000E589 2E                    
    638 0000E58A 2E 3E 3F 0C 3A 10 5F    	.byte	$2e,$3e,$3f,$0c,$3a,$10,$5f,$2e
    638 0000E591 2E                    
    639 0000E592 2E 2E 22 2E 7B 2B 2E    	.byte	$2e,$2e,$22,$2e,$7b,$2b,$2e,$2e
    639 0000E599 2E                    
    640 0000E59A 2E 2E 0D 7D 2E 7C 2E    	.byte	$2e,$2e,$0d,$7d,$2e,$7c,$2e,$2e
    640 0000E5A1 2E                    
    641 0000E5A2 2E 2E 2E 2E 2E 2E 08    	.byte	$2e,$2e,$2e,$2e,$2e,$2e,$08,$2e
    641 0000E5A9 2E                    
    642 0000E5AA 2E 2E 2E 2E 2E 2E 2E    	.byte	$2e,$2e,$2e,$2e,$2e,$2e,$2e,$2e
    642 0000E5B1 2E                    
Bird Computer Butterfly assembler   version 1.0.2   Wed Jun 21 12:36:17 2017     Page 13
noc_boot21.a
    643 0000E5B2 2E 7F 2E 2E 2E 2E 1B    	.byte	$2e,$7f,$2e,$2e,$2e,$2e,$1b,$2e
    643 0000E5B9 2E                    
    644 0000E5BA 2E 2E 2E 2E 2E 2E 2E    	.byte	$2e,$2e,$2e,$2e,$2e,$2e,$2e,$2e
    644 0000E5C1 2E                    
                                        
    646 0000E5C2                        keybdExtendedCodes:
    647 0000E5C2 2E 2E 2E 2E A3 A1 A2    	.byte	$2e,$2e,$2e,$2e,$a3,$a1,$a2,$2e
    647 0000E5C9 2E                    
    648 0000E5CA 2E 2E 2E 2E 2E 2E 2E    	.byte	$2e,$2e,$2e,$2e,$2e,$2e,$2e,$2e
    648 0000E5D1 2E                    
    649 0000E5D2 2E 2E 2E 2E 2E 2E 2E    	.byte	$2e,$2e,$2e,$2e,$2e,$2e,$2e,$2e
    649 0000E5D9 2E                    
    650 0000E5DA 2E 2E 2E 2E 2E 2E 2E    	.byte	$2e,$2e,$2e,$2e,$2e,$2e,$2e,$2e
    650 0000E5E1 2E                    
    651 0000E5E2 2E 2E 2E 2E 2E 2E 2E    	.byte	$2e,$2e,$2e,$2e,$2e,$2e,$2e,$2e
    651 0000E5E9 2E                    
    652 0000E5EA 2E 2E 2E 2E 2E 2E 2E    	.byte	$2e,$2e,$2e,$2e,$2e,$2e,$2e,$2e
    652 0000E5F1 2E                    
    653 0000E5F2 2E 2E 2E 2E 2E 2E 2E    	.byte	$2e,$2e,$2e,$2e,$2e,$2e,$2e,$2e
    653 0000E5F9 2E                    
    654 0000E5FA 2E 2E 2E 2E 2E 2E 2E    	.byte	$2e,$2e,$2e,$2e,$2e,$2e,$2e,$2e
    654 0000E601 2E                    
    655 0000E602 2E 2E 2E 2E 2E 2E 2E    	.byte	$2e,$2e,$2e,$2e,$2e,$2e,$2e,$2e
    655 0000E609 2E                    
    656 0000E60A 2E 2E 2E 2E 2E 2E 2E    	.byte	$2e,$2e,$2e,$2e,$2e,$2e,$2e,$2e
    656 0000E611 2E                    
    657 0000E612 2E 2E 2E 2E 2E 2E 2E    	.byte	$2e,$2e,$2e,$2e,$2e,$2e,$2e,$2e
    657 0000E619 2E                    
    658 0000E61A 2E 2E 2E 2E 2E 2E 2E    	.byte	$2e,$2e,$2e,$2e,$2e,$2e,$2e,$2e
    658 0000E621 2E                    
    659 0000E622 2E 2E 2E 2E 2E 2E 2E    	.byte	$2e,$2e,$2e,$2e,$2e,$2e,$2e,$2e
    659 0000E629 2E                    
    660 0000E62A 2E 95 2E 93 94 2E 2E    	.byte	$2e,$95,$2e,$93,$94,$2e,$2e,$2e
    660 0000E631 2E                    
    661 0000E632 98 99 92 2E 91 90 2E    	.byte	$98,$99,$92,$2e,$91,$90,$2e,$2e
    661 0000E639 2E                    
    662 0000E63A 2E 2E 97 2E 2E 96 2E    	.byte	$2e,$2e,$97,$2e,$2e,$96,$2e,$2e
    662 0000E641 2E                    
                                        
                                        
    665 0000E642 FF FF FF FF FF FF FF    		org		0xFFFE
    665 0000E649 FF FF FF FF FF FF FF  
    665 0000E650 FF FF FF FF FF FF FF  
    665 0000E657 FF FF FF FF FF FF FF  
    665 0000E65E FF FF FF FF FF FF FF  
    665 0000E665 FF FF FF FF FF FF FF  
    665 0000E66C FF FF FF FF FF FF FF  
    665 0000E673 FF FF FF FF FF FF FF  
    665 0000E67A FF FF FF FF FF FF FF  
    665 0000E681 FF FF FF FF FF FF FF  
    665 0000E688 FF FF FF FF FF FF FF  
    665 0000E68F FF FF FF FF FF FF FF  
    665 0000E696 FF FF FF FF FF FF FF  
    665 0000E69D FF FF FF FF FF FF FF  
    665 0000E6A4 FF FF FF FF FF FF FF  
    665 0000E6AB FF FF FF FF FF FF FF  
    665 0000E6B2 FF FF FF FF FF FF FF  
    665 0000E6B9 FF FF FF FF FF FF FF  
    665 0000E6C0 FF FF FF FF FF FF FF  
    665 0000E6C7 FF FF FF FF FF FF FF  
Bird Computer Butterfly assembler   version 1.0.2   Wed Jun 21 12:36:17 2017     Page 14
noc_boot21.a
    665 0000E6CE FF FF FF FF FF FF FF  
    665 0000E6D5 FF FF FF FF FF FF FF  
    665 0000E6DC FF FF FF FF FF FF FF  
    665 0000E6E3 FF FF FF FF FF FF FF  
    665 0000E6EA FF FF FF FF FF FF FF  
    665 0000E6F1 FF FF FF FF FF FF FF  
    665 0000E6F8 FF FF FF FF FF FF FF  
    665 0000E6FF FF FF FF FF FF FF FF  
    665 0000E706 FF FF FF FF FF FF FF  
    665 0000E70D FF FF FF FF FF FF FF  
    665 0000E714 FF FF FF FF FF FF FF  
    665 0000E71B FF FF FF FF FF FF FF  
    665 0000E722 FF FF FF FF FF FF FF  
    665 0000E729 FF FF FF FF FF FF FF  
    665 0000E730 FF FF FF FF FF FF FF  
    665 0000E737 FF FF FF FF FF FF FF  
    665 0000E73E FF FF FF FF FF FF FF  
    665 0000E745 FF FF FF FF FF FF FF  
    665 0000E74C FF FF FF FF FF FF FF  
    665 0000E753 FF FF FF FF FF FF FF  
    665 0000E75A FF FF FF FF FF FF FF  
    665 0000E761 FF FF FF FF FF FF FF  
    665 0000E768 FF FF FF FF FF FF FF  
    665 0000E76F FF FF FF FF FF FF FF  
    665 0000E776 FF FF FF FF FF FF FF  
    665 0000E77D FF FF FF FF FF FF FF  
    665 0000E784 FF FF FF FF FF FF FF  
    665 0000E78B FF FF FF FF FF FF FF  
    665 0000E792 FF FF FF FF FF FF FF  
    665 0000E799 FF FF FF FF FF FF FF  
    665 0000E7A0 FF FF FF FF FF FF FF  
    665 0000E7A7 FF FF FF FF FF FF FF  
    665 0000E7AE FF FF FF FF FF FF FF  
    665 0000E7B5 FF FF FF FF FF FF FF  
    665 0000E7BC FF FF FF FF FF FF FF  
    665 0000E7C3 FF FF FF FF FF FF FF  
    665 0000E7CA FF FF FF FF FF FF FF  
    665 0000E7D1 FF FF FF FF FF FF FF  
    665 0000E7D8 FF FF FF FF FF FF FF  
    665 0000E7DF FF FF FF FF FF FF FF  
    665 0000E7E6 FF FF FF FF FF FF FF  
    665 0000E7ED FF FF FF FF FF FF FF  
    665 0000E7F4 FF FF FF FF FF FF FF  
    665 0000E7FB FF FF FF FF FF FF FF  
    665 0000E802 FF FF FF FF FF FF FF  
    665 0000E809 FF FF FF FF FF FF FF  
    665 0000E810 FF FF FF FF FF FF FF  
    665 0000E817 FF FF FF FF FF FF FF  
    665 0000E81E FF FF FF FF FF FF FF  
    665 0000E825 FF FF FF FF FF FF FF  
    665 0000E82C FF FF FF FF FF FF FF  
    665 0000E833 FF FF FF FF FF FF FF  
    665 0000E83A FF FF FF FF FF FF FF  
    665 0000E841 FF FF FF FF FF FF FF  
    665 0000E848 FF FF FF FF FF FF FF  
    665 0000E84F FF FF FF FF FF FF FF  
    665 0000E856 FF FF FF FF FF FF FF  
    665 0000E85D FF FF FF FF FF FF FF  
    665 0000E864 FF FF FF FF FF FF FF  
    665 0000E86B FF FF FF FF FF FF FF  
Bird Computer Butterfly assembler   version 1.0.2   Wed Jun 21 12:36:17 2017     Page 15
noc_boot21.a
    665 0000E872 FF FF FF FF FF FF FF  
    665 0000E879 FF FF FF FF FF FF FF  
    665 0000E880 FF FF FF FF FF FF FF  
    665 0000E887 FF FF FF FF FF FF FF  
    665 0000E88E FF FF FF FF FF FF FF  
    665 0000E895 FF FF FF FF FF FF FF  
    665 0000E89C FF FF FF FF FF FF FF  
    665 0000E8A3 FF FF FF FF FF FF FF  
    665 0000E8AA FF FF FF FF FF FF FF  
    665 0000E8B1 FF FF FF FF FF FF FF  
    665 0000E8B8 FF FF FF FF FF FF FF  
    665 0000E8BF FF FF FF FF FF FF FF  
    665 0000E8C6 FF FF FF FF FF FF FF  
    665 0000E8CD FF FF FF FF FF FF FF  
    665 0000E8D4 FF FF FF FF FF FF FF  
    665 0000E8DB FF FF FF FF FF FF FF  
    665 0000E8E2 FF FF FF FF FF FF FF  
    665 0000E8E9 FF FF FF FF FF FF FF  
    665 0000E8F0 FF FF FF FF FF FF FF  
    665 0000E8F7 FF FF FF FF FF FF FF  
    665 0000E8FE FF FF FF FF FF FF FF  
    665 0000E905 FF FF FF FF FF FF FF  
    665 0000E90C FF FF FF FF FF FF FF  
    665 0000E913 FF FF FF FF FF FF FF  
    665 0000E91A FF FF FF FF FF FF FF  
    665 0000E921 FF FF FF FF FF FF FF  
    665 0000E928 FF FF FF FF FF FF FF  
    665 0000E92F FF FF FF FF FF FF FF  
    665 0000E936 FF FF FF FF FF FF FF  
    665 0000E93D FF FF FF FF FF FF FF  
    665 0000E944 FF FF FF FF FF FF FF  
    665 0000E94B FF FF FF FF FF FF FF  
    665 0000E952 FF FF FF FF FF FF FF  
    665 0000E959 FF FF FF FF FF FF FF  
    665 0000E960 FF FF FF FF FF FF FF  
    665 0000E967 FF FF FF FF FF FF FF  
    665 0000E96E FF FF FF FF FF FF FF  
    665 0000E975 FF FF FF FF FF FF FF  
    665 0000E97C FF FF FF FF FF FF FF  
    665 0000E983 FF FF FF FF FF FF FF  
    665 0000E98A FF FF FF FF FF FF FF  
    665 0000E991 FF FF FF FF FF FF FF  
    665 0000E998 FF FF FF FF FF FF FF  
    665 0000E99F FF FF FF FF FF FF FF  
    665 0000E9A6 FF FF FF FF FF FF FF  
    665 0000E9AD FF FF FF FF FF FF FF  
    665 0000E9B4 FF FF FF FF FF FF FF  
    665 0000E9BB FF FF FF FF FF FF FF  
    665 0000E9C2 FF FF FF FF FF FF FF  
    665 0000E9C9 FF FF FF FF FF FF FF  
    665 0000E9D0 FF FF FF FF FF FF FF  
    665 0000E9D7 FF FF FF FF FF FF FF  
    665 0000E9DE FF FF FF FF FF FF FF  
    665 0000E9E5 FF FF FF FF FF FF FF  
    665 0000E9EC FF FF FF FF FF FF FF  
    665 0000E9F3 FF FF FF FF FF FF FF  
    665 0000E9FA FF FF FF FF FF FF FF  
    665 0000EA01 FF FF FF FF FF FF FF  
    665 0000EA08 FF FF FF FF FF FF FF  
    665 0000EA0F FF FF FF FF FF FF FF  
Bird Computer Butterfly assembler   version 1.0.2   Wed Jun 21 12:36:17 2017     Page 16
noc_boot21.a
    665 0000EA16 FF FF FF FF FF FF FF  
    665 0000EA1D FF FF FF FF FF FF FF  
    665 0000EA24 FF FF FF FF FF FF FF  
    665 0000EA2B FF FF FF FF FF FF FF  
    665 0000EA32 FF FF FF FF FF FF FF  
    665 0000EA39 FF FF FF FF FF FF FF  
    665 0000EA40 FF FF FF FF FF FF FF  
    665 0000EA47 FF FF FF FF FF FF FF  
    665 0000EA4E FF FF FF FF FF FF FF  
    665 0000EA55 FF FF FF FF FF FF FF  
    665 0000EA5C FF FF FF FF FF FF FF  
    665 0000EA63 FF FF FF FF FF FF FF  
    665 0000EA6A FF FF FF FF FF FF FF  
    665 0000EA71 FF FF FF FF FF FF FF  
    665 0000EA78 FF FF FF FF FF FF FF  
    665 0000EA7F FF FF FF FF FF FF FF  
    665 0000EA86 FF FF FF FF FF FF FF  
    665 0000EA8D FF FF FF FF FF FF FF  
    665 0000EA94 FF FF FF FF FF FF FF  
    665 0000EA9B FF FF FF FF FF FF FF  
    665 0000EAA2 FF FF FF FF FF FF FF  
    665 0000EAA9 FF FF FF FF FF FF FF  
    665 0000EAB0 FF FF FF FF FF FF FF  
    665 0000EAB7 FF FF FF FF FF FF FF  
    665 0000EABE FF FF FF FF FF FF FF  
    665 0000EAC5 FF FF FF FF FF FF FF  
    665 0000EACC FF FF FF FF FF FF FF  
    665 0000EAD3 FF FF FF FF FF FF FF  
    665 0000EADA FF FF FF FF FF FF FF  
    665 0000EAE1 FF FF FF FF FF FF FF  
    665 0000EAE8 FF FF FF FF FF FF FF  
    665 0000EAEF FF FF FF FF FF FF FF  
    665 0000EAF6 FF FF FF FF FF FF FF  
    665 0000EAFD FF FF FF FF FF FF FF  
    665 0000EB04 FF FF FF FF FF FF FF  
    665 0000EB0B FF FF FF FF FF FF FF  
    665 0000EB12 FF FF FF FF FF FF FF  
    665 0000EB19 FF FF FF FF FF FF FF  
    665 0000EB20 FF FF FF FF FF FF FF  
    665 0000EB27 FF FF FF FF FF FF FF  
    665 0000EB2E FF FF FF FF FF FF FF  
    665 0000EB35 FF FF FF FF FF FF FF  
    665 0000EB3C FF FF FF FF FF FF FF  
    665 0000EB43 FF FF FF FF FF FF FF  
    665 0000EB4A FF FF FF FF FF FF FF  
    665 0000EB51 FF FF FF FF FF FF FF  
    665 0000EB58 FF FF FF FF FF FF FF  
    665 0000EB5F FF FF FF FF FF FF FF  
    665 0000EB66 FF FF FF FF FF FF FF  
    665 0000EB6D FF FF FF FF FF FF FF  
    665 0000EB74 FF FF FF FF FF FF FF  
    665 0000EB7B FF FF FF FF FF FF FF  
    665 0000EB82 FF FF FF FF FF FF FF  
    665 0000EB89 FF FF FF FF FF FF FF  
    665 0000EB90 FF FF FF FF FF FF FF  
    665 0000EB97 FF FF FF FF FF FF FF  
    665 0000EB9E FF FF FF FF FF FF FF  
    665 0000EBA5 FF FF FF FF FF FF FF  
    665 0000EBAC FF FF FF FF FF FF FF  
    665 0000EBB3 FF FF FF FF FF FF FF  
Bird Computer Butterfly assembler   version 1.0.2   Wed Jun 21 12:36:17 2017     Page 17
noc_boot21.a
    665 0000EBBA FF FF FF FF FF FF FF  
    665 0000EBC1 FF FF FF FF FF FF FF  
    665 0000EBC8 FF FF FF FF FF FF FF  
    665 0000EBCF FF FF FF FF FF FF FF  
    665 0000EBD6 FF FF FF FF FF FF FF  
    665 0000EBDD FF FF FF FF FF FF FF  
    665 0000EBE4 FF FF FF FF FF FF FF  
    665 0000EBEB FF FF FF FF FF FF FF  
    665 0000EBF2 FF FF FF FF FF FF FF  
    665 0000EBF9 FF FF FF FF FF FF FF  
    665 0000EC00 FF FF FF FF FF FF FF  
    665 0000EC07 FF FF FF FF FF FF FF  
    665 0000EC0E FF FF FF FF FF FF FF  
    665 0000EC15 FF FF FF FF FF FF FF  
    665 0000EC1C FF FF FF FF FF FF FF  
    665 0000EC23 FF FF FF FF FF FF FF  
    665 0000EC2A FF FF FF FF FF FF FF  
    665 0000EC31 FF FF FF FF FF FF FF  
    665 0000EC38 FF FF FF FF FF FF FF  
    665 0000EC3F FF FF FF FF FF FF FF  
    665 0000EC46 FF FF FF FF FF FF FF  
    665 0000EC4D FF FF FF FF FF FF FF  
    665 0000EC54 FF FF FF FF FF FF FF  
    665 0000EC5B FF FF FF FF FF FF FF  
    665 0000EC62 FF FF FF FF FF FF FF  
    665 0000EC69 FF FF FF FF FF FF FF  
    665 0000EC70 FF FF FF FF FF FF FF  
    665 0000EC77 FF FF FF FF FF FF FF  
    665 0000EC7E FF FF FF FF FF FF FF  
    665 0000EC85 FF FF FF FF FF FF FF  
    665 0000EC8C FF FF FF FF FF FF FF  
    665 0000EC93 FF FF FF FF FF FF FF  
    665 0000EC9A FF FF FF FF FF FF FF  
    665 0000ECA1 FF FF FF FF FF FF FF  
    665 0000ECA8 FF FF FF FF FF FF FF  
    665 0000ECAF FF FF FF FF FF FF FF  
    665 0000ECB6 FF FF FF FF FF FF FF  
    665 0000ECBD FF FF FF FF FF FF FF  
    665 0000ECC4 FF FF FF FF FF FF FF  
    665 0000ECCB FF FF FF FF FF FF FF  
    665 0000ECD2 FF FF FF FF FF FF FF  
    665 0000ECD9 FF FF FF FF FF FF FF  
    665 0000ECE0 FF FF FF FF FF FF FF  
    665 0000ECE7 FF FF FF FF FF FF FF  
    665 0000ECEE FF FF FF FF FF FF FF  
    665 0000ECF5 FF FF FF FF FF FF FF  
    665 0000ECFC FF FF FF FF FF FF FF  
    665 0000ED03 FF FF FF FF FF FF FF  
    665 0000ED0A FF FF FF FF FF FF FF  
    665 0000ED11 FF FF FF FF FF FF FF  
    665 0000ED18 FF FF FF FF FF FF FF  
    665 0000ED1F FF FF FF FF FF FF FF  
    665 0000ED26 FF FF FF FF FF FF FF  
    665 0000ED2D FF FF FF FF FF FF FF  
    665 0000ED34 FF FF FF FF FF FF FF  
    665 0000ED3B FF FF FF FF FF FF FF  
    665 0000ED42 FF FF FF FF FF FF FF  
    665 0000ED49 FF FF FF FF FF FF FF  
    665 0000ED50 FF FF FF FF FF FF FF  
    665 0000ED57 FF FF FF FF FF FF FF  
Bird Computer Butterfly assembler   version 1.0.2   Wed Jun 21 12:36:17 2017     Page 18
noc_boot21.a
    665 0000ED5E FF FF FF FF FF FF FF  
    665 0000ED65 FF FF FF FF FF FF FF  
    665 0000ED6C FF FF FF FF FF FF FF  
    665 0000ED73 FF FF FF FF FF FF FF  
    665 0000ED7A FF FF FF FF FF FF FF  
    665 0000ED81 FF FF FF FF FF FF FF  
    665 0000ED88 FF FF FF FF FF FF FF  
    665 0000ED8F FF FF FF FF FF FF FF  
    665 0000ED96 FF FF FF FF FF FF FF  
    665 0000ED9D FF FF FF FF FF FF FF  
    665 0000EDA4 FF FF FF FF FF FF FF  
    665 0000EDAB FF FF FF FF FF FF FF  
    665 0000EDB2 FF FF FF FF FF FF FF  
    665 0000EDB9 FF FF FF FF FF FF FF  
    665 0000EDC0 FF FF FF FF FF FF FF  
    665 0000EDC7 FF FF FF FF FF FF FF  
    665 0000EDCE FF FF FF FF FF FF FF  
    665 0000EDD5 FF FF FF FF FF FF FF  
    665 0000EDDC FF FF FF FF FF FF FF  
    665 0000EDE3 FF FF FF FF FF FF FF  
    665 0000EDEA FF FF FF FF FF FF FF  
    665 0000EDF1 FF FF FF FF FF FF FF  
    665 0000EDF8 FF FF FF FF FF FF FF  
    665 0000EDFF FF FF FF FF FF FF FF  
    665 0000EE06 FF FF FF FF FF FF FF  
    665 0000EE0D FF FF FF FF FF FF FF  
    665 0000EE14 FF FF FF FF FF FF FF  
    665 0000EE1B FF FF FF FF FF FF FF  
    665 0000EE22 FF FF FF FF FF FF FF  
    665 0000EE29 FF FF FF FF FF FF FF  
    665 0000EE30 FF FF FF FF FF FF FF  
    665 0000EE37 FF FF FF FF FF FF FF  
    665 0000EE3E FF FF FF FF FF FF FF  
    665 0000EE45 FF FF FF FF FF FF FF  
    665 0000EE4C FF FF FF FF FF FF FF  
    665 0000EE53 FF FF FF FF FF FF FF  
    665 0000EE5A FF FF FF FF FF FF FF  
    665 0000EE61 FF FF FF FF FF FF FF  
    665 0000EE68 FF FF FF FF FF FF FF  
    665 0000EE6F FF FF FF FF FF FF FF  
    665 0000EE76 FF FF FF FF FF FF FF  
    665 0000EE7D FF FF FF FF FF FF FF  
    665 0000EE84 FF FF FF FF FF FF FF  
    665 0000EE8B FF FF FF FF FF FF FF  
    665 0000EE92 FF FF FF FF FF FF FF  
    665 0000EE99 FF FF FF FF FF FF FF  
    665 0000EEA0 FF FF FF FF FF FF FF  
    665 0000EEA7 FF FF FF FF FF FF FF  
    665 0000EEAE FF FF FF FF FF FF FF  
    665 0000EEB5 FF FF FF FF FF FF FF  
    665 0000EEBC FF FF FF FF FF FF FF  
    665 0000EEC3 FF FF FF FF FF FF FF  
    665 0000EECA FF FF FF FF FF FF FF  
    665 0000EED1 FF FF FF FF FF FF FF  
    665 0000EED8 FF FF FF FF FF FF FF  
    665 0000EEDF FF FF FF FF FF FF FF  
    665 0000EEE6 FF FF FF FF FF FF FF  
    665 0000EEED FF FF FF FF FF FF FF  
    665 0000EEF4 FF FF FF FF FF FF FF  
    665 0000EEFB FF FF FF FF FF FF FF  
Bird Computer Butterfly assembler   version 1.0.2   Wed Jun 21 12:36:17 2017     Page 19
noc_boot21.a
    665 0000EF02 FF FF FF FF FF FF FF  
    665 0000EF09 FF FF FF FF FF FF FF  
    665 0000EF10 FF FF FF FF FF FF FF  
    665 0000EF17 FF FF FF FF FF FF FF  
    665 0000EF1E FF FF FF FF FF FF FF  
    665 0000EF25 FF FF FF FF FF FF FF  
    665 0000EF2C FF FF FF FF FF FF FF  
    665 0000EF33 FF FF FF FF FF FF FF  
    665 0000EF3A FF FF FF FF FF FF FF  
    665 0000EF41 FF FF FF FF FF FF FF  
    665 0000EF48 FF FF FF FF FF FF FF  
    665 0000EF4F FF FF FF FF FF FF FF  
    665 0000EF56 FF FF FF FF FF FF FF  
    665 0000EF5D FF FF FF FF FF FF FF  
    665 0000EF64 FF FF FF FF FF FF FF  
    665 0000EF6B FF FF FF FF FF FF FF  
    665 0000EF72 FF FF FF FF FF FF FF  
    665 0000EF79 FF FF FF FF FF FF FF  
    665 0000EF80 FF FF FF FF FF FF FF  
    665 0000EF87 FF FF FF FF FF FF FF  
    665 0000EF8E FF FF FF FF FF FF FF  
    665 0000EF95 FF FF FF FF FF FF FF  
    665 0000EF9C FF FF FF FF FF FF FF  
    665 0000EFA3 FF FF FF FF FF FF FF  
    665 0000EFAA FF FF FF FF FF FF FF  
    665 0000EFB1 FF FF FF FF FF FF FF  
    665 0000EFB8 FF FF FF FF FF FF FF  
    665 0000EFBF FF FF FF FF FF FF FF  
    665 0000EFC6 FF FF FF FF FF FF FF  
    665 0000EFCD FF FF FF FF FF FF FF  
    665 0000EFD4 FF FF FF FF FF FF FF  
    665 0000EFDB FF FF FF FF FF FF FF  
    665 0000EFE2 FF FF FF FF FF FF FF  
    665 0000EFE9 FF FF FF FF FF FF FF  
    665 0000EFF0 FF FF FF FF FF FF FF  
    665 0000EFF7 FF FF FF FF FF FF FF  
    665 0000EFFE FF FF FF FF FF FF FF  
    665 0000F005 FF FF FF FF FF FF FF  
    665 0000F00C FF FF FF FF FF FF FF  
    665 0000F013 FF FF FF FF FF FF FF  
    665 0000F01A FF FF FF FF FF FF FF  
    665 0000F021 FF FF FF FF FF FF FF  
    665 0000F028 FF FF FF FF FF FF FF  
    665 0000F02F FF FF FF FF FF FF FF  
    665 0000F036 FF FF FF FF FF FF FF  
    665 0000F03D FF FF FF FF FF FF FF  
    665 0000F044 FF FF FF FF FF FF FF  
    665 0000F04B FF FF FF FF FF FF FF  
    665 0000F052 FF FF FF FF FF FF FF  
    665 0000F059 FF FF FF FF FF FF FF  
    665 0000F060 FF FF FF FF FF FF FF  
    665 0000F067 FF FF FF FF FF FF FF  
    665 0000F06E FF FF FF FF FF FF FF  
    665 0000F075 FF FF FF FF FF FF FF  
    665 0000F07C FF FF FF FF FF FF FF  
    665 0000F083 FF FF FF FF FF FF FF  
    665 0000F08A FF FF FF FF FF FF FF  
    665 0000F091 FF FF FF FF FF FF FF  
    665 0000F098 FF FF FF FF FF FF FF  
    665 0000F09F FF FF FF FF FF FF FF  
Bird Computer Butterfly assembler   version 1.0.2   Wed Jun 21 12:36:17 2017     Page 20
noc_boot21.a
    665 0000F0A6 FF FF FF FF FF FF FF  
    665 0000F0AD FF FF FF FF FF FF FF  
    665 0000F0B4 FF FF FF FF FF FF FF  
    665 0000F0BB FF FF FF FF FF FF FF  
    665 0000F0C2 FF FF FF FF FF FF FF  
    665 0000F0C9 FF FF FF FF FF FF FF  
    665 0000F0D0 FF FF FF FF FF FF FF  
    665 0000F0D7 FF FF FF FF FF FF FF  
    665 0000F0DE FF FF FF FF FF FF FF  
    665 0000F0E5 FF FF FF FF FF FF FF  
    665 0000F0EC FF FF FF FF FF FF FF  
    665 0000F0F3 FF FF FF FF FF FF FF  
    665 0000F0FA FF FF FF FF FF FF FF  
    665 0000F101 FF FF FF FF FF FF FF  
    665 0000F108 FF FF FF FF FF FF FF  
    665 0000F10F FF FF FF FF FF FF FF  
    665 0000F116 FF FF FF FF FF FF FF  
    665 0000F11D FF FF FF FF FF FF FF  
    665 0000F124 FF FF FF FF FF FF FF  
    665 0000F12B FF FF FF FF FF FF FF  
    665 0000F132 FF FF FF FF FF FF FF  
    665 0000F139 FF FF FF FF FF FF FF  
    665 0000F140 FF FF FF FF FF FF FF  
    665 0000F147 FF FF FF FF FF FF FF  
    665 0000F14E FF FF FF FF FF FF FF  
    665 0000F155 FF FF FF FF FF FF FF  
    665 0000F15C FF FF FF FF FF FF FF  
    665 0000F163 FF FF FF FF FF FF FF  
    665 0000F16A FF FF FF FF FF FF FF  
    665 0000F171 FF FF FF FF FF FF FF  
    665 0000F178 FF FF FF FF FF FF FF  
    665 0000F17F FF FF FF FF FF FF FF  
    665 0000F186 FF FF FF FF FF FF FF  
    665 0000F18D FF FF FF FF FF FF FF  
    665 0000F194 FF FF FF FF FF FF FF  
    665 0000F19B FF FF FF FF FF FF FF  
    665 0000F1A2 FF FF FF FF FF FF FF  
    665 0000F1A9 FF FF FF FF FF FF FF  
    665 0000F1B0 FF FF FF FF FF FF FF  
    665 0000F1B7 FF FF FF FF FF FF FF  
    665 0000F1BE FF FF FF FF FF FF FF  
    665 0000F1C5 FF FF FF FF FF FF FF  
    665 0000F1CC FF FF FF FF FF FF FF  
    665 0000F1D3 FF FF FF FF FF FF FF  
    665 0000F1DA FF FF FF FF FF FF FF  
    665 0000F1E1 FF FF FF FF FF FF FF  
    665 0000F1E8 FF FF FF FF FF FF FF  
    665 0000F1EF FF FF FF FF FF FF FF  
    665 0000F1F6 FF FF FF FF FF FF FF  
    665 0000F1FD FF FF FF FF FF FF FF  
    665 0000F204 FF FF FF FF FF FF FF  
    665 0000F20B FF FF FF FF FF FF FF  
    665 0000F212 FF FF FF FF FF FF FF  
    665 0000F219 FF FF FF FF FF FF FF  
    665 0000F220 FF FF FF FF FF FF FF  
    665 0000F227 FF FF FF FF FF FF FF  
    665 0000F22E FF FF FF FF FF FF FF  
    665 0000F235 FF FF FF FF FF FF FF  
    665 0000F23C FF FF FF FF FF FF FF  
    665 0000F243 FF FF FF FF FF FF FF  
Bird Computer Butterfly assembler   version 1.0.2   Wed Jun 21 12:36:17 2017     Page 21
noc_boot21.a
    665 0000F24A FF FF FF FF FF FF FF  
    665 0000F251 FF FF FF FF FF FF FF  
    665 0000F258 FF FF FF FF FF FF FF  
    665 0000F25F FF FF FF FF FF FF FF  
    665 0000F266 FF FF FF FF FF FF FF  
    665 0000F26D FF FF FF FF FF FF FF  
    665 0000F274 FF FF FF FF FF FF FF  
    665 0000F27B FF FF FF FF FF FF FF  
    665 0000F282 FF FF FF FF FF FF FF  
    665 0000F289 FF FF FF FF FF FF FF  
    665 0000F290 FF FF FF FF FF FF FF  
    665 0000F297 FF FF FF FF FF FF FF  
    665 0000F29E FF FF FF FF FF FF FF  
    665 0000F2A5 FF FF FF FF FF FF FF  
    665 0000F2AC FF FF FF FF FF FF FF  
    665 0000F2B3 FF FF FF FF FF FF FF  
    665 0000F2BA FF FF FF FF FF FF FF  
    665 0000F2C1 FF FF FF FF FF FF FF  
    665 0000F2C8 FF FF FF FF FF FF FF  
    665 0000F2CF FF FF FF FF FF FF FF  
    665 0000F2D6 FF FF FF FF FF FF FF  
    665 0000F2DD FF FF FF FF FF FF FF  
    665 0000F2E4 FF FF FF FF FF FF FF  
    665 0000F2EB FF FF FF FF FF FF FF  
    665 0000F2F2 FF FF FF FF FF FF FF  
    665 0000F2F9 FF FF FF FF FF FF FF  
    665 0000F300 FF FF FF FF FF FF FF  
    665 0000F307 FF FF FF FF FF FF FF  
    665 0000F30E FF FF FF FF FF FF FF  
    665 0000F315 FF FF FF FF FF FF FF  
    665 0000F31C FF FF FF FF FF FF FF  
    665 0000F323 FF FF FF FF FF FF FF  
    665 0000F32A FF FF FF FF FF FF FF  
    665 0000F331 FF FF FF FF FF FF FF  
    665 0000F338 FF FF FF FF FF FF FF  
    665 0000F33F FF FF FF FF FF FF FF  
    665 0000F346 FF FF FF FF FF FF FF  
    665 0000F34D FF FF FF FF FF FF FF  
    665 0000F354 FF FF FF FF FF FF FF  
    665 0000F35B FF FF FF FF FF FF FF  
    665 0000F362 FF FF FF FF FF FF FF  
    665 0000F369 FF FF FF FF FF FF FF  
    665 0000F370 FF FF FF FF FF FF FF  
    665 0000F377 FF FF FF FF FF FF FF  
    665 0000F37E FF FF FF FF FF FF FF  
    665 0000F385 FF FF FF FF FF FF FF  
    665 0000F38C FF FF FF FF FF FF FF  
    665 0000F393 FF FF FF FF FF FF FF  
    665 0000F39A FF FF FF FF FF FF FF  
    665 0000F3A1 FF FF FF FF FF FF FF  
    665 0000F3A8 FF FF FF FF FF FF FF  
    665 0000F3AF FF FF FF FF FF FF FF  
    665 0000F3B6 FF FF FF FF FF FF FF  
    665 0000F3BD FF FF FF FF FF FF FF  
    665 0000F3C4 FF FF FF FF FF FF FF  
    665 0000F3CB FF FF FF FF FF FF FF  
    665 0000F3D2 FF FF FF FF FF FF FF  
    665 0000F3D9 FF FF FF FF FF FF FF  
    665 0000F3E0 FF FF FF FF FF FF FF  
    665 0000F3E7 FF FF FF FF FF FF FF  
Bird Computer Butterfly assembler   version 1.0.2   Wed Jun 21 12:36:17 2017     Page 22
noc_boot21.a
    665 0000F3EE FF FF FF FF FF FF FF  
    665 0000F3F5 FF FF FF FF FF FF FF  
    665 0000F3FC FF FF FF FF FF FF FF  
    665 0000F403 FF FF FF FF FF FF FF  
    665 0000F40A FF FF FF FF FF FF FF  
    665 0000F411 FF FF FF FF FF FF FF  
    665 0000F418 FF FF FF FF FF FF FF  
    665 0000F41F FF FF FF FF FF FF FF  
    665 0000F426 FF FF FF FF FF FF FF  
    665 0000F42D FF FF FF FF FF FF FF  
    665 0000F434 FF FF FF FF FF FF FF  
    665 0000F43B FF FF FF FF FF FF FF  
    665 0000F442 FF FF FF FF FF FF FF  
    665 0000F449 FF FF FF FF FF FF FF  
    665 0000F450 FF FF FF FF FF FF FF  
    665 0000F457 FF FF FF FF FF FF FF  
    665 0000F45E FF FF FF FF FF FF FF  
    665 0000F465 FF FF FF FF FF FF FF  
    665 0000F46C FF FF FF FF FF FF FF  
    665 0000F473 FF FF FF FF FF FF FF  
    665 0000F47A FF FF FF FF FF FF FF  
    665 0000F481 FF FF FF FF FF FF FF  
    665 0000F488 FF FF FF FF FF FF FF  
    665 0000F48F FF FF FF FF FF FF FF  
    665 0000F496 FF FF FF FF FF FF FF  
    665 0000F49D FF FF FF FF FF FF FF  
    665 0000F4A4 FF FF FF FF FF FF FF  
    665 0000F4AB FF FF FF FF FF FF FF  
    665 0000F4B2 FF FF FF FF FF FF FF  
    665 0000F4B9 FF FF FF FF FF FF FF  
    665 0000F4C0 FF FF FF FF FF FF FF  
    665 0000F4C7 FF FF FF FF FF FF FF  
    665 0000F4CE FF FF FF FF FF FF FF  
    665 0000F4D5 FF FF FF FF FF FF FF  
    665 0000F4DC FF FF FF FF FF FF FF  
    665 0000F4E3 FF FF FF FF FF FF FF  
    665 0000F4EA FF FF FF FF FF FF FF  
    665 0000F4F1 FF FF FF FF FF FF FF  
    665 0000F4F8 FF FF FF FF FF FF FF  
    665 0000F4FF FF FF FF FF FF FF FF  
    665 0000F506 FF FF FF FF FF FF FF  
    665 0000F50D FF FF FF FF FF FF FF  
    665 0000F514 FF FF FF FF FF FF FF  
    665 0000F51B FF FF FF FF FF FF FF  
    665 0000F522 FF FF FF FF FF FF FF  
    665 0000F529 FF FF FF FF FF FF FF  
    665 0000F530 FF FF FF FF FF FF FF  
    665 0000F537 FF FF FF FF FF FF FF  
    665 0000F53E FF FF FF FF FF FF FF  
    665 0000F545 FF FF FF FF FF FF FF  
    665 0000F54C FF FF FF FF FF FF FF  
    665 0000F553 FF FF FF FF FF FF FF  
    665 0000F55A FF FF FF FF FF FF FF  
    665 0000F561 FF FF FF FF FF FF FF  
    665 0000F568 FF FF FF FF FF FF FF  
    665 0000F56F FF FF FF FF FF FF FF  
    665 0000F576 FF FF FF FF FF FF FF  
    665 0000F57D FF FF FF FF FF FF FF  
    665 0000F584 FF FF FF FF FF FF FF  
    665 0000F58B FF FF FF FF FF FF FF  
Bird Computer Butterfly assembler   version 1.0.2   Wed Jun 21 12:36:17 2017     Page 23
noc_boot21.a
    665 0000F592 FF FF FF FF FF FF FF  
    665 0000F599 FF FF FF FF FF FF FF  
    665 0000F5A0 FF FF FF FF FF FF FF  
    665 0000F5A7 FF FF FF FF FF FF FF  
    665 0000F5AE FF FF FF FF FF FF FF  
    665 0000F5B5 FF FF FF FF FF FF FF  
    665 0000F5BC FF FF FF FF FF FF FF  
    665 0000F5C3 FF FF FF FF FF FF FF  
    665 0000F5CA FF FF FF FF FF FF FF  
    665 0000F5D1 FF FF FF FF FF FF FF  
    665 0000F5D8 FF FF FF FF FF FF FF  
    665 0000F5DF FF FF FF FF FF FF FF  
    665 0000F5E6 FF FF FF FF FF FF FF  
    665 0000F5ED FF FF FF FF FF FF FF  
    665 0000F5F4 FF FF FF FF FF FF FF  
    665 0000F5FB FF FF FF FF FF FF FF  
    665 0000F602 FF FF FF FF FF FF FF  
    665 0000F609 FF FF FF FF FF FF FF  
    665 0000F610 FF FF FF FF FF FF FF  
    665 0000F617 FF FF FF FF FF FF FF  
    665 0000F61E FF FF FF FF FF FF FF  
    665 0000F625 FF FF FF FF FF FF FF  
    665 0000F62C FF FF FF FF FF FF FF  
    665 0000F633 FF FF FF FF FF FF FF  
    665 0000F63A FF FF FF FF FF FF FF  
    665 0000F641 FF FF FF FF FF FF FF  
    665 0000F648 FF FF FF FF FF FF FF  
    665 0000F64F FF FF FF FF FF FF FF  
    665 0000F656 FF FF FF FF FF FF FF  
    665 0000F65D FF FF FF FF FF FF FF  
    665 0000F664 FF FF FF FF FF FF FF  
    665 0000F66B FF FF FF FF FF FF FF  
    665 0000F672 FF FF FF FF FF FF FF  
    665 0000F679 FF FF FF FF FF FF FF  
    665 0000F680 FF FF FF FF FF FF FF  
    665 0000F687 FF FF FF FF FF FF FF  
    665 0000F68E FF FF FF FF FF FF FF  
    665 0000F695 FF FF FF FF FF FF FF  
    665 0000F69C FF FF FF FF FF FF FF  
    665 0000F6A3 FF FF FF FF FF FF FF  
    665 0000F6AA FF FF FF FF FF FF FF  
    665 0000F6B1 FF FF FF FF FF FF FF  
    665 0000F6B8 FF FF FF FF FF FF FF  
    665 0000F6BF FF FF FF FF FF FF FF  
    665 0000F6C6 FF FF FF FF FF FF FF  
    665 0000F6CD FF FF FF FF FF FF FF  
    665 0000F6D4 FF FF FF FF FF FF FF  
    665 0000F6DB FF FF FF FF FF FF FF  
    665 0000F6E2 FF FF FF FF FF FF FF  
    665 0000F6E9 FF FF FF FF FF FF FF  
    665 0000F6F0 FF FF FF FF FF FF FF  
    665 0000F6F7 FF FF FF FF FF FF FF  
    665 0000F6FE FF FF FF FF FF FF FF  
    665 0000F705 FF FF FF FF FF FF FF  
    665 0000F70C FF FF FF FF FF FF FF  
    665 0000F713 FF FF FF FF FF FF FF  
    665 0000F71A FF FF FF FF FF FF FF  
    665 0000F721 FF FF FF FF FF FF FF  
    665 0000F728 FF FF FF FF FF FF FF  
    665 0000F72F FF FF FF FF FF FF FF  
Bird Computer Butterfly assembler   version 1.0.2   Wed Jun 21 12:36:17 2017     Page 24
noc_boot21.a
    665 0000F736 FF FF FF FF FF FF FF  
    665 0000F73D FF FF FF FF FF FF FF  
    665 0000F744 FF FF FF FF FF FF FF  
    665 0000F74B FF FF FF FF FF FF FF  
    665 0000F752 FF FF FF FF FF FF FF  
    665 0000F759 FF FF FF FF FF FF FF  
    665 0000F760 FF FF FF FF FF FF FF  
    665 0000F767 FF FF FF FF FF FF FF  
    665 0000F76E FF FF FF FF FF FF FF  
    665 0000F775 FF FF FF FF FF FF FF  
    665 0000F77C FF FF FF FF FF FF FF  
    665 0000F783 FF FF FF FF FF FF FF  
    665 0000F78A FF FF FF FF FF FF FF  
    665 0000F791 FF FF FF FF FF FF FF  
    665 0000F798 FF FF FF FF FF FF FF  
    665 0000F79F FF FF FF FF FF FF FF  
    665 0000F7A6 FF FF FF FF FF FF FF  
    665 0000F7AD FF FF FF FF FF FF FF  
    665 0000F7B4 FF FF FF FF FF FF FF  
    665 0000F7BB FF FF FF FF FF FF FF  
    665 0000F7C2 FF FF FF FF FF FF FF  
    665 0000F7C9 FF FF FF FF FF FF FF  
    665 0000F7D0 FF FF FF FF FF FF FF  
    665 0000F7D7 FF FF FF FF FF FF FF  
    665 0000F7DE FF FF FF FF FF FF FF  
    665 0000F7E5 FF FF FF FF FF FF FF  
    665 0000F7EC FF FF FF FF FF FF FF  
    665 0000F7F3 FF FF FF FF FF FF FF  
    665 0000F7FA FF FF FF FF FF FF FF  
    665 0000F801 FF FF FF FF FF FF FF  
    665 0000F808 FF FF FF FF FF FF FF  
    665 0000F80F FF FF FF FF FF FF FF  
    665 0000F816 FF FF FF FF FF FF FF  
    665 0000F81D FF FF FF FF FF FF FF  
    665 0000F824 FF FF FF FF FF FF FF  
    665 0000F82B FF FF FF FF FF FF FF  
    665 0000F832 FF FF FF FF FF FF FF  
    665 0000F839 FF FF FF FF FF FF FF  
    665 0000F840 FF FF FF FF FF FF FF  
    665 0000F847 FF FF FF FF FF FF FF  
    665 0000F84E FF FF FF FF FF FF FF  
    665 0000F855 FF FF FF FF FF FF FF  
    665 0000F85C FF FF FF FF FF FF FF  
    665 0000F863 FF FF FF FF FF FF FF  
    665 0000F86A FF FF FF FF FF FF FF  
    665 0000F871 FF FF FF FF FF FF FF  
    665 0000F878 FF FF FF FF FF FF FF  
    665 0000F87F FF FF FF FF FF FF FF  
    665 0000F886 FF FF FF FF FF FF FF  
    665 0000F88D FF FF FF FF FF FF FF  
    665 0000F894 FF FF FF FF FF FF FF  
    665 0000F89B FF FF FF FF FF FF FF  
    665 0000F8A2 FF FF FF FF FF FF FF  
    665 0000F8A9 FF FF FF FF FF FF FF  
    665 0000F8B0 FF FF FF FF FF FF FF  
    665 0000F8B7 FF FF FF FF FF FF FF  
    665 0000F8BE FF FF FF FF FF FF FF  
    665 0000F8C5 FF FF FF FF FF FF FF  
    665 0000F8CC FF FF FF FF FF FF FF  
    665 0000F8D3 FF FF FF FF FF FF FF  
Bird Computer Butterfly assembler   version 1.0.2   Wed Jun 21 12:36:17 2017     Page 25
noc_boot21.a
    665 0000F8DA FF FF FF FF FF FF FF  
    665 0000F8E1 FF FF FF FF FF FF FF  
    665 0000F8E8 FF FF FF FF FF FF FF  
    665 0000F8EF FF FF FF FF FF FF FF  
    665 0000F8F6 FF FF FF FF FF FF FF  
    665 0000F8FD FF FF FF FF FF FF FF  
    665 0000F904 FF FF FF FF FF FF FF  
    665 0000F90B FF FF FF FF FF FF FF  
    665 0000F912 FF FF FF FF FF FF FF  
    665 0000F919 FF FF FF FF FF FF FF  
    665 0000F920 FF FF FF FF FF FF FF  
    665 0000F927 FF FF FF FF FF FF FF  
    665 0000F92E FF FF FF FF FF FF FF  
    665 0000F935 FF FF FF FF FF FF FF  
    665 0000F93C FF FF FF FF FF FF FF  
    665 0000F943 FF FF FF FF FF FF FF  
    665 0000F94A FF FF FF FF FF FF FF  
    665 0000F951 FF FF FF FF FF FF FF  
    665 0000F958 FF FF FF FF FF FF FF  
    665 0000F95F FF FF FF FF FF FF FF  
    665 0000F966 FF FF FF FF FF FF FF  
    665 0000F96D FF FF FF FF FF FF FF  
    665 0000F974 FF FF FF FF FF FF FF  
    665 0000F97B FF FF FF FF FF FF FF  
    665 0000F982 FF FF FF FF FF FF FF  
    665 0000F989 FF FF FF FF FF FF FF  
    665 0000F990 FF FF FF FF FF FF FF  
    665 0000F997 FF FF FF FF FF FF FF  
    665 0000F99E FF FF FF FF FF FF FF  
    665 0000F9A5 FF FF FF FF FF FF FF  
    665 0000F9AC FF FF FF FF FF FF FF  
    665 0000F9B3 FF FF FF FF FF FF FF  
    665 0000F9BA FF FF FF FF FF FF FF  
    665 0000F9C1 FF FF FF FF FF FF FF  
    665 0000F9C8 FF FF FF FF FF FF FF  
    665 0000F9CF FF FF FF FF FF FF FF  
    665 0000F9D6 FF FF FF FF FF FF FF  
    665 0000F9DD FF FF FF FF FF FF FF  
    665 0000F9E4 FF FF FF FF FF FF FF  
    665 0000F9EB FF FF FF FF FF FF FF  
    665 0000F9F2 FF FF FF FF FF FF FF  
    665 0000F9F9 FF FF FF FF FF FF FF  
    665 0000FA00 FF FF FF FF FF FF FF  
    665 0000FA07 FF FF FF FF FF FF FF  
    665 0000FA0E FF FF FF FF FF FF FF  
    665 0000FA15 FF FF FF FF FF FF FF  
    665 0000FA1C FF FF FF FF FF FF FF  
    665 0000FA23 FF FF FF FF FF FF FF  
    665 0000FA2A FF FF FF FF FF FF FF  
    665 0000FA31 FF FF FF FF FF FF FF  
    665 0000FA38 FF FF FF FF FF FF FF  
    665 0000FA3F FF FF FF FF FF FF FF  
    665 0000FA46 FF FF FF FF FF FF FF  
    665 0000FA4D FF FF FF FF FF FF FF  
    665 0000FA54 FF FF FF FF FF FF FF  
    665 0000FA5B FF FF FF FF FF FF FF  
    665 0000FA62 FF FF FF FF FF FF FF  
    665 0000FA69 FF FF FF FF FF FF FF  
    665 0000FA70 FF FF FF FF FF FF FF  
    665 0000FA77 FF FF FF FF FF FF FF  
Bird Computer Butterfly assembler   version 1.0.2   Wed Jun 21 12:36:17 2017     Page 26
noc_boot21.a
    665 0000FA7E FF FF FF FF FF FF FF  
    665 0000FA85 FF FF FF FF FF FF FF  
    665 0000FA8C FF FF FF FF FF FF FF  
    665 0000FA93 FF FF FF FF FF FF FF  
    665 0000FA9A FF FF FF FF FF FF FF  
    665 0000FAA1 FF FF FF FF FF FF FF  
    665 0000FAA8 FF FF FF FF FF FF FF  
    665 0000FAAF FF FF FF FF FF FF FF  
    665 0000FAB6 FF FF FF FF FF FF FF  
    665 0000FABD FF FF FF FF FF FF FF  
    665 0000FAC4 FF FF FF FF FF FF FF  
    665 0000FACB FF FF FF FF FF FF FF  
    665 0000FAD2 FF FF FF FF FF FF FF  
    665 0000FAD9 FF FF FF FF FF FF FF  
    665 0000FAE0 FF FF FF FF FF FF FF  
    665 0000FAE7 FF FF FF FF FF FF FF  
    665 0000FAEE FF FF FF FF FF FF FF  
    665 0000FAF5 FF FF FF FF FF FF FF  
    665 0000FAFC FF FF FF FF FF FF FF  
    665 0000FB03 FF FF FF FF FF FF FF  
    665 0000FB0A FF FF FF FF FF FF FF  
    665 0000FB11 FF FF FF FF FF FF FF  
    665 0000FB18 FF FF FF FF FF FF FF  
    665 0000FB1F FF FF FF FF FF FF FF  
    665 0000FB26 FF FF FF FF FF FF FF  
    665 0000FB2D FF FF FF FF FF FF FF  
    665 0000FB34 FF FF FF FF FF FF FF  
    665 0000FB3B FF FF FF FF FF FF FF  
    665 0000FB42 FF FF FF FF FF FF FF  
    665 0000FB49 FF FF FF FF FF FF FF  
    665 0000FB50 FF FF FF FF FF FF FF  
    665 0000FB57 FF FF FF FF FF FF FF  
    665 0000FB5E FF FF FF FF FF FF FF  
    665 0000FB65 FF FF FF FF FF FF FF  
    665 0000FB6C FF FF FF FF FF FF FF  
    665 0000FB73 FF FF FF FF FF FF FF  
    665 0000FB7A FF FF FF FF FF FF FF  
    665 0000FB81 FF FF FF FF FF FF FF  
    665 0000FB88 FF FF FF FF FF FF FF  
    665 0000FB8F FF FF FF FF FF FF FF  
    665 0000FB96 FF FF FF FF FF FF FF  
    665 0000FB9D FF FF FF FF FF FF FF  
    665 0000FBA4 FF FF FF FF FF FF FF  
    665 0000FBAB FF FF FF FF FF FF FF  
    665 0000FBB2 FF FF FF FF FF FF FF  
    665 0000FBB9 FF FF FF FF FF FF FF  
    665 0000FBC0 FF FF FF FF FF FF FF  
    665 0000FBC7 FF FF FF FF FF FF FF  
    665 0000FBCE FF FF FF FF FF FF FF  
    665 0000FBD5 FF FF FF FF FF FF FF  
    665 0000FBDC FF FF FF FF FF FF FF  
    665 0000FBE3 FF FF FF FF FF FF FF  
    665 0000FBEA FF FF FF FF FF FF FF  
    665 0000FBF1 FF FF FF FF FF FF FF  
    665 0000FBF8 FF FF FF FF FF FF FF  
    665 0000FBFF FF FF FF FF FF FF FF  
    665 0000FC06 FF FF FF FF FF FF FF  
    665 0000FC0D FF FF FF FF FF FF FF  
    665 0000FC14 FF FF FF FF FF FF FF  
    665 0000FC1B FF FF FF FF FF FF FF  
Bird Computer Butterfly assembler   version 1.0.2   Wed Jun 21 12:36:17 2017     Page 27
noc_boot21.a
    665 0000FC22 FF FF FF FF FF FF FF  
    665 0000FC29 FF FF FF FF FF FF FF  
    665 0000FC30 FF FF FF FF FF FF FF  
    665 0000FC37 FF FF FF FF FF FF FF  
    665 0000FC3E FF FF FF FF FF FF FF  
    665 0000FC45 FF FF FF FF FF FF FF  
    665 0000FC4C FF FF FF FF FF FF FF  
    665 0000FC53 FF FF FF FF FF FF FF  
    665 0000FC5A FF FF FF FF FF FF FF  
    665 0000FC61 FF FF FF FF FF FF FF  
    665 0000FC68 FF FF FF FF FF FF FF  
    665 0000FC6F FF FF FF FF FF FF FF  
    665 0000FC76 FF FF FF FF FF FF FF  
    665 0000FC7D FF FF FF FF FF FF FF  
    665 0000FC84 FF FF FF FF FF FF FF  
    665 0000FC8B FF FF FF FF FF FF FF  
    665 0000FC92 FF FF FF FF FF FF FF  
    665 0000FC99 FF FF FF FF FF FF FF  
    665 0000FCA0 FF FF FF FF FF FF FF  
    665 0000FCA7 FF FF FF FF FF FF FF  
    665 0000FCAE FF FF FF FF FF FF FF  
    665 0000FCB5 FF FF FF FF FF FF FF  
    665 0000FCBC FF FF FF FF FF FF FF  
    665 0000FCC3 FF FF FF FF FF FF FF  
    665 0000FCCA FF FF FF FF FF FF FF  
    665 0000FCD1 FF FF FF FF FF FF FF  
    665 0000FCD8 FF FF FF FF FF FF FF  
    665 0000FCDF FF FF FF FF FF FF FF  
    665 0000FCE6 FF FF FF FF FF FF FF  
    665 0000FCED FF FF FF FF FF FF FF  
    665 0000FCF4 FF FF FF FF FF FF FF  
    665 0000FCFB FF FF FF FF FF FF FF  
    665 0000FD02 FF FF FF FF FF FF FF  
    665 0000FD09 FF FF FF FF FF FF FF  
    665 0000FD10 FF FF FF FF FF FF FF  
    665 0000FD17 FF FF FF FF FF FF FF  
    665 0000FD1E FF FF FF FF FF FF FF  
    665 0000FD25 FF FF FF FF FF FF FF  
    665 0000FD2C FF FF FF FF FF FF FF  
    665 0000FD33 FF FF FF FF FF FF FF  
    665 0000FD3A FF FF FF FF FF FF FF  
    665 0000FD41 FF FF FF FF FF FF FF  
    665 0000FD48 FF FF FF FF FF FF FF  
    665 0000FD4F FF FF FF FF FF FF FF  
    665 0000FD56 FF FF FF FF FF FF FF  
    665 0000FD5D FF FF FF FF FF FF FF  
    665 0000FD64 FF FF FF FF FF FF FF  
    665 0000FD6B FF FF FF FF FF FF FF  
    665 0000FD72 FF FF FF FF FF FF FF  
    665 0000FD79 FF FF FF FF FF FF FF  
    665 0000FD80 FF FF FF FF FF FF FF  
    665 0000FD87 FF FF FF FF FF FF FF  
    665 0000FD8E FF FF FF FF FF FF FF  
    665 0000FD95 FF FF FF FF FF FF FF  
    665 0000FD9C FF FF FF FF FF FF FF  
    665 0000FDA3 FF FF FF FF FF FF FF  
    665 0000FDAA FF FF FF FF FF FF FF  
    665 0000FDB1 FF FF FF FF FF FF FF  
    665 0000FDB8 FF FF FF FF FF FF FF  
    665 0000FDBF FF FF FF FF FF FF FF  
Bird Computer Butterfly assembler   version 1.0.2   Wed Jun 21 12:36:17 2017     Page 28
noc_boot21.a
    665 0000FDC6 FF FF FF FF FF FF FF  
    665 0000FDCD FF FF FF FF FF FF FF  
    665 0000FDD4 FF FF FF FF FF FF FF  
    665 0000FDDB FF FF FF FF FF FF FF  
    665 0000FDE2 FF FF FF FF FF FF FF  
    665 0000FDE9 FF FF FF FF FF FF FF  
    665 0000FDF0 FF FF FF FF FF FF FF  
    665 0000FDF7 FF FF FF FF FF FF FF  
    665 0000FDFE FF FF FF FF FF FF FF  
    665 0000FE05 FF FF FF FF FF FF FF  
    665 0000FE0C FF FF FF FF FF FF FF  
    665 0000FE13 FF FF FF FF FF FF FF  
    665 0000FE1A FF FF FF FF FF FF FF  
    665 0000FE21 FF FF FF FF FF FF FF  
    665 0000FE28 FF FF FF FF FF FF FF  
    665 0000FE2F FF FF FF FF FF FF FF  
    665 0000FE36 FF FF FF FF FF FF FF  
    665 0000FE3D FF FF FF FF FF FF FF  
    665 0000FE44 FF FF FF FF FF FF FF  
    665 0000FE4B FF FF FF FF FF FF FF  
    665 0000FE52 FF FF FF FF FF FF FF  
    665 0000FE59 FF FF FF FF FF FF FF  
    665 0000FE60 FF FF FF FF FF FF FF  
    665 0000FE67 FF FF FF FF FF FF FF  
    665 0000FE6E FF FF FF FF FF FF FF  
    665 0000FE75 FF FF FF FF FF FF FF  
    665 0000FE7C FF FF FF FF FF FF FF  
    665 0000FE83 FF FF FF FF FF FF FF  
    665 0000FE8A FF FF FF FF FF FF FF  
    665 0000FE91 FF FF FF FF FF FF FF  
    665 0000FE98 FF FF FF FF FF FF FF  
    665 0000FE9F FF FF FF FF FF FF FF  
    665 0000FEA6 FF FF FF FF FF FF FF  
    665 0000FEAD FF FF FF FF FF FF FF  
    665 0000FEB4 FF FF FF FF FF FF FF  
    665 0000FEBB FF FF FF FF FF FF FF  
    665 0000FEC2 FF FF FF FF FF FF FF  
    665 0000FEC9 FF FF FF FF FF FF FF  
    665 0000FED0 FF FF FF FF FF FF FF  
    665 0000FED7 FF FF FF FF FF FF FF  
    665 0000FEDE FF FF FF FF FF FF FF  
    665 0000FEE5 FF FF FF FF FF FF FF  
    665 0000FEEC FF FF FF FF FF FF FF  
    665 0000FEF3 FF FF FF FF FF FF FF  
    665 0000FEFA FF FF FF FF FF FF FF  
    665 0000FF01 FF FF FF FF FF FF FF  
    665 0000FF08 FF FF FF FF FF FF FF  
    665 0000FF0F FF FF FF FF FF FF FF  
    665 0000FF16 FF FF FF FF FF FF FF  
    665 0000FF1D FF FF FF FF FF FF FF  
    665 0000FF24 FF FF FF FF FF FF FF  
    665 0000FF2B FF FF FF FF FF FF FF  
    665 0000FF32 FF FF FF FF FF FF FF  
    665 0000FF39 FF FF FF FF FF FF FF  
    665 0000FF40 FF FF FF FF FF FF FF  
    665 0000FF47 FF FF FF FF FF FF FF  
    665 0000FF4E FF FF FF FF FF FF FF  
    665 0000FF55 FF FF FF FF FF FF FF  
    665 0000FF5C FF FF FF FF FF FF FF  
    665 0000FF63 FF FF FF FF FF FF FF  
Bird Computer Butterfly assembler   version 1.0.2   Wed Jun 21 12:36:17 2017     Page 29
noc_boot21.a
    665 0000FF6A FF FF FF FF FF FF FF  
    665 0000FF71 FF FF FF FF FF FF FF  
    665 0000FF78 FF FF FF FF FF FF FF  
    665 0000FF7F FF FF FF FF FF FF FF  
    665 0000FF86 FF FF FF FF FF FF FF  
    665 0000FF8D FF FF FF FF FF FF FF  
    665 0000FF94 FF FF FF FF FF FF FF  
    665 0000FF9B FF FF FF FF FF FF FF  
    665 0000FFA2 FF FF FF FF FF FF FF  
    665 0000FFA9 FF FF FF FF FF FF FF  
    665 0000FFB0 FF FF FF FF FF FF FF  
    665 0000FFB7 FF FF FF FF FF FF FF  
    665 0000FFBE FF FF FF FF FF FF FF  
    665 0000FFC5 FF FF FF FF FF FF FF  
    665 0000FFCC FF FF FF FF FF FF FF  
    665 0000FFD3 FF FF FF FF FF FF FF  
    665 0000FFDA FF FF FF FF FF FF FF  
    665 0000FFE1 FF FF FF FF FF FF FF  
    665 0000FFE8 FF FF FF FF FF FF FF  
    665 0000FFEF FF FF FF FF FF FF FF  
    665 0000FFF6 FF FF FF FF FF FF FF  
    665 0000FFFD FF                    
    666 0000FFFE AA E0                   		dw		start
