     1	
     2	typedef unsigned int uint;
     3	typedef __int16 hTCB;
     4	typedef __int8 hJCB;
     5	typedef __int16 hMBX;
     6	typedef __int16 hMSG;
     7	
     8	typedef struct tagMSG align(32) {
     9		unsigned __int16 link;
    10		unsigned __int16 retadr;    // return address
    11		unsigned __int16 tgtadr;    // target address
    12		unsigned __int16 type;
    13		unsigned int d1;            // payload data 1
    14		unsigned int d2;            // payload data 2
    15		unsigned int d3;            // payload data 3
    16	} MSG;
    17	
    18	typedef struct _tagJCB align(2048)
    19	{
    20	    struct _tagJCB *iof_next;
    21	    struct _tagJCB *iof_prev;
    22	    char UserName[32];
    23	    char path[256];
    24	    char exitRunFile[256];
    25	    char commandLine[256];
    26	    unsigned __int32 *pVidMem;
    27	    unsigned __int32 *pVirtVidMem;
    28	    unsigned __int16 VideoRows;
    29	    unsigned __int16 VideoCols;
    30	    unsigned __int16 CursorRow;
    31	    unsigned __int16 CursorCol;
    32	    unsigned __int32 NormAttr;
    33	    __int8 KeyState1;
    34	    __int8 KeyState2;
    35	    __int8 KeybdWaitFlag;
    36	    __int8 KeybdHead;
    37	    __int8 KeybdTail;
    38	    unsigned __int16 KeybdBuffer[16];
    39	    hJCB number;
    40	} JCB;
    41	
    42	struct tagMBX;
    43	
    44	typedef struct _tagTCB align(1024) {
    45	    // exception storage area
    46		int regs[32];
    47		int isp;
    48		int dsp;
    49		int esp;
    50		int ipc;
    51		int dpc;
    52		int epc;
    53		int cr0;
    54		// interrupt storage
    55		int iregs[32];
    56		int iisp;
    57		int idsp;
    58		int iesp;
    59		int iipc;
    60		int idpc;
    61		int iepc;
    62		int icr0;
    63		hTCB next;
    64		hTCB prev;
    65		hTCB mbq_next;
    66		hTCB mbq_prev;
    67		int *sys_stack;
    68		int *bios_stack;
    69		int *stack;
    70		__int64 timeout;
    71		MSG msg;
    72		hMBX hMailboxes[4]; // handles of mailboxes owned by task
    73		hMBX hWaitMbx;      // handle of mailbox task is waiting at
    74		hTCB number;
    75		__int8 priority;
    76		__int8 status;
    77		__int8 affinity;
    78		hJCB hJob;
    79		__int64 startTick;
    80		__int64 endTick;
    81		__int64 ticks;
    82	} TCB;
    83	
    84	typedef struct tagMBX align(64) {
    85	    hMBX link;
    86		hJCB owner;		// hJcb of owner
    87		hTCB tq_head;
    88		hTCB tq_tail;
    89		hMSG mq_head;
    90		hMSG mq_tail;
    91		char mq_strategy;
    92		byte resv[2];
    93		uint tq_count;
    94		uint mq_size;
    95		uint mq_count;
    96		uint mq_missed;
    97	} MBX;
    98	
    99	typedef struct tagALARM {
   100		struct tagALARM *next;
   101		struct tagALARM *prev;
   102		MBX *mbx;
   103		MSG *msg;
   104		uint BaseTimeout;
   105		uint timeout;
   106		uint repeat;
   107		byte resv[8];		// padding to 64 bytes
   108	} ALARM;
   109	
   110	
   111	// ============================================================================
   112	//        __
   113	//   \\__/ o\    (C) 2012-2015  Robert Finch, Stratford
   114	//    \  __ /    All rights reserved.
   115	//     \/_//     robfinch<remove>@finitron.ca
   116	//       ||
   117	//
   118	// TCB.c
   119	// Task Control Block related functions.
   120	//
   121	// This source file is free software: you can redistribute it and/or modify 
   122	// it under the terms of the GNU Lesser General Public License as published 
   123	// by the Free Software Foundation, either version 3 of the License, or     
   124	// (at your option) any later version.                                      
   125	//                                                                          
   126	// This source file is distributed in the hope that it will be useful,      
   127	// but WITHOUT ANY WARRANTY; without even the implied warranty of           
   128	// MERCHANTABILITY or FITNESS FOR A PARTICULAR PURPOSE.  See the            
   129	// GNU General Public License for more details.                             
   130	//                                                                          
   131	// You should have received a copy of the GNU General Public License        
   132	// along with this program.  If not, see <http://www.gnu.org/licenses/>.    
   133	//                                                                          
   134	// ============================================================================
   135	//
   136	// JCB functions
   137	JCB *GetJCBPtr();                   // get the JCB pointer of the running task
   138	
   139	// TCB functions
   140	TCB *GetRunningTCBPtr();
   141	hTCB GetRunningTCB();
   142	pascal void SetRunningTCB(hTCB ht);
   143	pascal int chkTCB(TCB *p);
   144	pascal int InsertIntoReadyList(hTCB ht);
   145	pascal int RemoveFromReadyList(hTCB ht);
   146	pascal int InsertIntoTimeoutList(hTCB ht, int to);
   147	pascal int RemoveFromTimeoutList(hTCB ht);
   148	void DumpTaskList();
   149	
   150	pascal void SetBound48(TCB *ps, TCB *pe, int algn);
   151	pascal void SetBound49(JCB *ps, JCB *pe, int algn);
   152	pascal void SetBound50(MBX *ps, MBX *pe, int algn);
   153	pascal void SetBound51(MSG *ps, MSG *pe, int algn);
   154	
   155	void set_vector(unsigned int, unsigned int);
   156	int getCPU();
   157	int GetVecno();          // get the last interrupt vector number
   158	void outb(unsigned int, int);
   159	void outc(unsigned int, int);
   160	void outh(unsigned int, int);
   161	void outw(unsigned int, int);
   162	pascal int LockSemaphore(int *sema, int retries);
   163	pascal void UnlockSemaphore(int *sema);
   164	
   165	// The following causes a privilege violation if called from user mode
   166	
   167	
   168	extern JCB *IOFocusNdx;
   169	extern int IOFocusTbl[4];
   170	
   171	void ForceIOFocus(JCB *j)
   172	{
   173	    RequestIOFocus(j);   // In case it isn't requested yet.
   174	    LockIOF();
   175	        if (j != IOFocusNdx) {
   176	            CopyScreenToVirtualScreen();
   177	            j->pVidMem = j->pVirtVidMem;
   178	            IOFocusNdx = j;
   179	            j->pVidMem = 0xFFD00000;
   180	            CopyVirtualScreenToScreen();
   181	        }
   182	    UnlockIOF();
   183	}
   184	
   185	// First check if it's even possible to switch the focus to another
   186	// task. The I/O focus list could be empty or there may be only a
   187	// single task in the list. In either case it's not possible to
   188	// switch.


*** local symbol table ***

j_         =000018    -    Auto        Pointer to struct _tagJCB_ 



   189	void SwitchIOFocus()
   190	{
   191	     JCB *j, *p;
   192	
   193	     LockIOF();
   194	         j = IOFocusNdx;
   195	         if (j) {
   196	             p = IOFocusNdx->iof_next;
   197	             if (p <> IOFocusNdx) {
   198	                 if (p) {
   199	                     CopyScreenToVirtualScreen();
   200	                     j->pVidMem = j->pVirtVidMem;
   201	                     IOFocusNdx = p;
   202	                     p->pVidMem = 0xFFD00000;
   203	                     CopyVirtualScreenToScreen();
   204	                 }
   205	             }
   206	         }
   207	     UnlockIOF();
   208	}
   209	
   210	//-----------------------------------------------------------------------------
   211	// The I/O focus list is an array indicating which jobs are requesting the
   212	// I/O focus. The I/O focus is user controlled by pressing ALT-TAB on the
   213	// keyboard.
   214	//-----------------------------------------------------------------------------
   215	


*** local symbol table ***

j_         =fffffff8    -    Auto        Pointer to struct _tagJCB_ 
p_         =fffffff0    -    Auto        Pointer to struct _tagJCB_ 



   216	void RequestIOFocus(JCB *j)
   217	{
   218	     int nj;
   219	     int stat;
   220	
   221	     nj = j->number;
   222	     LockIOF();
   223	        stat = (IOFocusTbl[0] >> nj) & 1;
   224	        if (!stat) {
   225	           if (IOFocusNdx==null) {
   226	               IOFocusNdx = j;
   227	               j->iof_next = j;
   228	               j->iof_prev = j;
   229	           }
   230	           else {
   231	               j->iof_prev = IOFocusNdx->iof_prev;
   232	               j->iof_next = IOFocusNdx;
   233	               IOFocusNdx->iof_prev->iof_next = j;
   234	               IOFocusNdx->iof_prev = j;
   235	           }
   236	           IOFocusTbl[0] |= (1 << nj);
   237	        }
   238	     UnlockIOF();
   239	}
   240	        
   241	//-----------------------------------------------------------------------------
   242	// Release the IO focus for the current job.
   243	//-----------------------------------------------------------------------------


*** local symbol table ***

j_         =000018    -    Auto        Pointer to struct _tagJCB_ 
nj_        =fffffff8    -    Auto        Long
stat_      =fffffff0    -    Auto        Long



   244	void ReleaseIOFocus()
   245	{
   246	     ForceReleaseIOFocus(GetJCBPtr());
   247	}
   248	
   249	//-----------------------------------------------------------------------------
   250	// Releasing the I/O focus causes the focus to switch if the running job
   251	// had the I/O focus.
   252	// ForceReleaseIOFocus forces the release of the IO focus for a job
   253	// different than the one currently running.
   254	//-----------------------------------------------------------------------------
   255	


*** local symbol table ***




   256	void ForceReleaseIOFocus(JCB * j)
   257	{
   258	     JCB *p;
   259	     
   260	     LockIOF();
   261	         if (IOFocusTbl[0] & (1 << (int)j->number)) {
   262	             IOFocusTbl[0] &= ~(1 << j->number);
   263	             if (j == IOFocusNdx)
   264	                SwitchIOFocus();
   265	             p = j->iof_next;
   266	             if (p) {
   267	                  if (p <> j) {
   268	                        p->iof_prev = j->iof_prev;
   269	                        j->iof_prev->iof_next = p;
   270	                  } 
   271	                  else {
   272	                       IOFocusNdx = null;
   273	                  }
   274	                  j->iof_next = null;
   275	                  j->iof_prev = null;
   276	             }
   277	         }
   278	     UnlockIOF();
   279	}
   280	


*** local symbol table ***

j_         =000018    -    Auto        Pointer to struct _tagJCB_ 
p_         =fffffff8    -    Auto        Pointer to struct _tagJCB_ 



   281	void CopyVirtualScreenToScreen()
   282	{
   283	     short int *p, *q;
   284	     JCB *j;
   285	     int nn, pos;
   286	
   287	     j = IOFocusNdx;
   288	     p = j->pVidMem;
   289	     q = j->pVirtVidMem;
   290	     nn = j->VideoRows * j->VideoCols;
   291	     for (; nn >= 0; nn--)
   292	         p[nn] = q[nn];
   293	    pos = j->CursorRow * j->VideoCols + j->CursorCol;
   294	    SetVideoReg(11,pos);
   295	}
   296	


*** local symbol table ***

p_         =fffffff8    -    Auto        Pointer to Short
q_         =fffffff0    -    Auto        Pointer to Short
j_         =ffffffe8    -    Auto        Pointer to struct _tagJCB_ 
nn_        =ffffffe0    -    Auto        Long
pos_       =ffffffd8    -    Auto        Long



   297	void CopyScreenToVirtualScreen()
   298	{
   299	     short int *p, *q;
   300	     JCB *j;
   301	     int nn;
   302	
   303	     j = IOFocusNdx;
   304	     p = j->pVidMem;
   305	     q = j->pVirtVidMem;
   306	     nn = j->VideoRows * j->VideoCols;
   307	     for (; nn >= 0; nn--)
   308	         q[nn] = p[nn];
   309	}


*** local symbol table ***

p_         =fffffff8    -    Auto        Pointer to Short
q_         =fffffff0    -    Auto        Pointer to Short
j_         =ffffffe8    -    Auto        Pointer to struct _tagJCB_ 
nn_        =ffffffe0    -    Auto        Long




 *** global scope typedef symbol table ***

outb_      =001480    -    Global      Function returning 
IOFocusTbl_ =000000    -    External    Array of Long
outc_      =001480    -    Global      Function returning 
uint_      =000000    1   
outh_      =001480    -    Global      Function returning 
IOFocusNdx_ =000000    -    External    Pointer to struct _tagJCB_ 
DumpTaskList_ =001480    -    External    Function returning 
JCB_       =000800    1   struct _tagJCB_ 
outw_      =001480    -    Global      Function returning 
TCB_       =001000    1   struct _tagTCB_ 
GetRunningTCB_ =001480    -    External    Function returning Char
SetRunningTCB_ =001480    -    Global      Function returning 
MSG_       =000020    1   struct tagMSG_ 
MBX_       =001400    1   struct tagMBX_ 
CopyScreenToVirtualScreen_ =001480    -    Global      Function returning 
CopyVirtualScreenToScreen_ =001480    -    Global      Function returning 
SwitchIOFocus_ =001480    -    Global      Function returning 
chkTCB_    =001480    -    Global      Function returning Long
GetRunningTCBPtr_ =001480    -    External    Function returning Pointer to struct _tagTCB_ 
UnlockSemaphore_ =001480    -    Global      Function returning 
GetVecno_  =001480    -    External    Function returning Long
GetJCBPtr_ =001480    -    External    Function returning Pointer to struct _tagJCB_ 
getCPU_    =001480    -    External    Function returning Long
LockSemaphore_ =001480    -    Global      Function returning Long
hJCB_      =00000a    1   Byte
set_vector_ =001480    -    Global      Function returning 
hTCB_      =000008    1   Char
SetVideoReg_ =000000    -    External    Function returning Long
ForceReleaseIOFocus_ =001480    -    Global      Function returning 
UnlockIOF_ =000000    -    External    Function returning Long
hMBX_      =00000c    1   Char
hMSG_      =00000e    1   Char
ReleaseIOFocus_ =001480    -    Global      Function returning 
LockIOF_   =000000    -    External    Function returning Long
ALARM_     =001440    1   struct tagALARM_ 
RequestIOFocus_ =001480    -    Global      Function returning 
RemoveFromTimeoutList_ =001480    -    Global      Function returning Long
ForceIOFocus_ =001480    -    Global      Function returning 
SetBound50_ =001480    -    Global      Function returning 
SetBound51_ =001480    -    Global      Function returning 
SetBound48_ =001480    -    Global      Function returning 
SetBound49_ =001480    -    Global      Function returning 
InsertIntoTimeoutList_ =001480    -    Global      Function returning Long
RemoveFromReadyList_ =001480    -    Global      Function returning Long
InsertIntoReadyList_ =001480    -    Global      Function returning Long

 *** structures and unions ***

tagMSG_    =000000    -    Type        struct tagMSG_ 
    link_      =000000    -    Member      
    retadr_    =000002    -    Member      
    tgtadr_    =000004    -    Member      
    type_      =000006    -    Member      
    d1_        =000008    -    Member      
    d2_        =000010    -    Member      
    d3_        =000018    -    Member      
_tagJCB_   =000000    -    Type        struct _tagJCB_ 
    iof_next_  =000000    -    Member      Pointer to struct _tagJCB_ 
    iof_prev_  =000008    -    Member      Pointer to struct _tagJCB_ 
    UserName_  =000010    -    Member      Array of Char
    path_      =000050    -    Member      Array of Char
    exitRunFile_ =000250    -    Member      Array of Char
    commandLine_ =000450    -    Member      Array of Char
    pVidMem_   =000650    -    Member      Pointer to 
    pVirtVidMem_ =000658    -    Member      Pointer to 
    VideoRows_ =000660    -    Member      
    VideoCols_ =000662    -    Member      
    CursorRow_ =000664    -    Member      
    CursorCol_ =000666    -    Member      
    NormAttr_  =000668    -    Member      
    KeyState1_ =00066c    -    Member      Byte
    KeyState2_ =00066d    -    Member      Byte
    KeybdWaitFlag_ =00066e    -    Member      Byte
    KeybdHead_ =00066f    -    Member      Byte
    KeybdTail_ =000670    -    Member      Byte
    KeybdBuffer_ =000672    -    Member      Array of 
    number_    =000692    -    Member      Byte
tagMBX_    =000000    -    Type        struct tagMBX_ 
    link_      =000000    -    Member      Char
    owner_     =000002    -    Member      Byte
    tq_head_   =000004    -    Member      Char
    tq_tail_   =000006    -    Member      Char
    mq_head_   =000008    -    Member      Char
    mq_tail_   =00000a    -    Member      Char
    mq_strategy_ =00000c    -    Member      Char
    resv_      =00000e    -    Member      Array of Byte
    tq_count_  =000010    -    Member      
    mq_size_   =000018    -    Member      
    mq_count_  =000020    -    Member      
    mq_missed_ =000028    -    Member      
_tagTCB_   =000000    -    Type        struct _tagTCB_ 
    regs_      =000000    -    Member      Array of Long
    isp_       =000100    -    Member      Long
    dsp_       =000108    -    Member      Long
    esp_       =000110    -    Member      Long
    ipc_       =000118    -    Member      Long
    dpc_       =000120    -    Member      Long
    epc_       =000128    -    Member      Long
    cr0_       =000130    -    Member      Long
    iregs_     =000138    -    Member      Array of Long
    iisp_      =000238    -    Member      Long
    idsp_      =000240    -    Member      Long
    iesp_      =000248    -    Member      Long
    iipc_      =000250    -    Member      Long
    idpc_      =000258    -    Member      Long
    iepc_      =000260    -    Member      Long
    icr0_      =000268    -    Member      Long
    next_      =000270    -    Member      Char
    prev_      =000272    -    Member      Char
    mbq_next_  =000274    -    Member      Char
    mbq_prev_  =000276    -    Member      Char
    sys_stack_ =000278    -    Member      Pointer to Long
    bios_stack_ =000280    -    Member      Pointer to Long
    stack_     =000288    -    Member      Pointer to Long
    timeout_   =000290    -    Member      Long
    msg_       =0002a0    -    Member      struct tagMSG_ 
    hMailboxes_ =0002c0    -    Member      Array of Char
    hWaitMbx_  =0002c8    -    Member      Char
    number_    =0002ca    -    Member      Char
    priority_  =0002cc    -    Member      Byte
    status_    =0002cd    -    Member      Byte
    affinity_  =0002ce    -    Member      Byte
    hJob_      =0002cf    -    Member      Byte
    startTick_ =0002d0    -    Member      Long
    endTick_   =0002d8    -    Member      Long
    ticks_     =0002e0    -    Member      Long
tagALARM_  =000000    -    Type        struct tagALARM_ 
    next_      =000000    -    Member      Pointer to struct tagALARM_ 
    prev_      =000008    -    Member      Pointer to struct tagALARM_ 
    mbx_       =000010    -    Member      Pointer to struct tagMBX_ 
    msg_       =000018    -    Member      Pointer to struct tagMSG_ 
    BaseTimeout_ =000020    -    Member      
    timeout_   =000028    -    Member      
    repeat_    =000030    -    Member      
    resv_      =000038    -    Member      Array of Byte
