     1	
     2	// Get the vector base register
     3	
     4	unsigned int *GetVBR()
     5	{
     6	    asm {
     7	        mfspr r1,vbr
     8	    }
     9	}
    10	
    11	
    12	// Set an IRQ vector
    13	// The vector is checked for the two LSB's begin zero which is necessary
    14	// for a code address.
    15	


*** local symbol table ***




    16	void set_vector(unsigned int vecno, unsigned int rout)
    17	{
    18	     if (vecno > 511) return;
    19	     if ((rout == 0) || ((rout & 3) != 0)) return;
    20	     GetVBR()[vecno] = rout;
    21	}


*** local symbol table ***

vecno      =000018    -    Auto        
rout       =000020    -    Auto        




 *** global scope typedef symbol table ***

GetVBR     =000000    -    Global      Function returning Pointer to 
set_vector =000000    -    Global      Function returning 

 *** structures and unions ***

