     1	// ============================================================================
     2	//        __
     3	//   \\__/ o\    (C) 2012-2015  Robert Finch, Stratford
     4	//    \  __ /    All rights reserved.
     5	//     \/_//     robfinch<remove>@finitron.ca
     6	//       ||
     7	//
     8	// UnlockSemaphore.c
     9	//
    10	// This source file is free software: you can redistribute it and/or modify 
    11	// it under the terms of the GNU Lesser General Public License as published 
    12	// by the Free Software Foundation, either version 3 of the License, or     
    13	// (at your option) any later version.                                      
    14	//                                                                          
    15	// This source file is distributed in the hope that it will be useful,      
    16	// but WITHOUT ANY WARRANTY; without even the implied warranty of           
    17	// MERCHANTABILITY or FITNESS FOR A PARTICULAR PURPOSE.  See the            
    18	// GNU General Public License for more details.                             
    19	//                                                                          
    20	// You should have received a copy of the GNU General Public License        
    21	// along with this program.  If not, see <http://www.gnu.org/licenses/>.    
    22	//                                                                          
    23	// ============================================================================
    24	//
    25	pascal void UnlockSemaphore(int *sema)
    26	{
    27	     asm {
    28	        lw      r1,24[bp]
    29	        sw      r0,[r1]
    30	    }
    31	}


*** local symbol table ***

sema_      =000018    -    Auto        Pointer to Long




 *** global scope typedef symbol table ***

UnlockSemaphore_ =000000    -    Global      Function returning 

 *** structures and unions ***

