
Pass 1
File: bootrom.asm
asm68 V5.6  (c) 1995-2017 Robert Finch - 680xx cross assembler

File: C:\cores5\N4V68kSys\software\bootrom\MyTinyB.asm
asm68 V5.6  (c) 1995-2017 Robert Finch - 680xx cross assembler

File: bootrom.asm

Pass 2
File: bootrom.asm
asm68 V5.6  (c) 1995-2017 Robert Finch - 680xx cross assembler

File: C:\cores5\N4V68kSys\software\bootrom\MyTinyB.asm
asm68 V5.6  (c) 1995-2017 Robert Finch - 680xx cross assembler

File: bootrom.asm

Pass 3
File: bootrom.asm
asm68 V5.6  (c) 1995-2017 Robert Finch - 680xx cross assembler

File: C:\cores5\N4V68kSys\software\bootrom\MyTinyB.asm
asm68 V5.6  (c) 1995-2017 Robert Finch - 680xx cross assembler

File: bootrom.asm

Pass 4
File: bootrom.asm
asm68 V5.6  (c) 1995-2017 Robert Finch - 680xx cross assembler

File: C:\cores5\N4V68kSys\software\bootrom\MyTinyB.asm
asm68 V5.6  (c) 1995-2017 Robert Finch - 680xx cross assembler

File: bootrom.asm

Pass 5
File: bootrom.asm
asm68 V5.6  (c) 1995-2017 Robert Finch - 680xx cross assembler

File: C:\cores5\N4V68kSys\software\bootrom\MyTinyB.asm
asm68 V5.6  (c) 1995-2017 Robert Finch - 680xx cross assembler

File: bootrom.asm

Pass 6
File: bootrom.asm
asm68 V5.6  (c) 1995-2017 Robert Finch - 680xx cross assembler

File: C:\cores5\N4V68kSys\software\bootrom\MyTinyB.asm
asm68 V5.6  (c) 1995-2017 Robert Finch - 680xx cross assembler

File: bootrom.asm

Pass 7
File: bootrom.asm
asm68 V5.6  (c) 1995-2017 Robert Finch - 680xx cross assembler

 E2003 (line 196): undefined symbol 'BusError'
 E2003 (line 202): undefined symbol 'KeybdNMI'
 E2003 (line 1750): undefined symbol 'S19StartAddress'
 E2003 (line 1754): undefined symbol 'S19StartAddress'
 E2003 (line 1758): undefined symbol 'S19StartAddress'
 E2003 (line 1826): undefined symbol 'AUXIN'
 E2028 (line 1826): branch out of range - displacement 3ED06
File: C:\cores5\N4V68kSys\software\bootrom\MyTinyB.asm
asm68 V5.6  (c) 1995-2017 Robert Finch - 680xx cross assembler

File: bootrom.asm
Errors: 7
Warnings: 0
