Drill report for D:\Projects\KiCad\FAL6567h\FAL6567i.kicad_pcb
Created on 2022-07-07 12:09:28 AM

Copper Layer Stackup:
    =============================================================
    L1 :  F.Cu                      front
    L2 :  B.Cu                      back


Drill file 'FAL6567i-PTH.drl' contains
    plated through holes:
    =============================================================
    T1  0.40mm  0.016"  (14 holes)
    T2  0.80mm  0.031"  (166 holes)
    T3  0.81mm  0.032"  (88 holes)
    T4  0.89mm  0.035"  (40 holes)
    T5  0.90mm  0.035"  (4 holes)
    T6  0.91mm  0.036"  (8 holes)
    T7  1.12mm  0.044"  (4 holes)

    Total plated holes count 324


Drill file 'FAL6567i-NPTH.drl' contains
    unplated through holes:
    =============================================================

    Total unplated holes count 0
